2024-12-16 07:25:09 [restartedMain] INFO  com.tekarch.accountServiceMs.AccounrServiceMsApplication - Starting AccounrServiceMsApplication using Java 17.0.11 with PID 37200 (C:\Users\agmarc80\IdeaProjects\TekDevProjects\AccounrServiceMs\build\classes\java\main started by agmarc80 in C:\Users\agmarc80\IdeaProjects\TekDevProjects\AccounrServiceMs)
2024-12-16 07:25:09 [restartedMain] INFO  com.tekarch.accountServiceMs.AccounrServiceMsApplication - No active profile set, falling back to 1 default profile: "default"
2024-12-16 07:25:10 [restartedMain] INFO  org.springframework.boot.devtools.env.DevToolsPropertyDefaultsPostProcessor - Devtools property defaults active! Set 'spring.devtools.add-properties' to 'false' to disable
2024-12-16 07:25:10 [restartedMain] INFO  org.springframework.boot.devtools.env.DevToolsPropertyDefaultsPostProcessor - For additional web related logging consider setting the 'logging.level.web' property to 'DEBUG'
2024-12-16 07:25:13 [restartedMain] DEBUG org.springframework.cloud.openfeign.FeignClientsRegistrar$1 - Identified candidate component class: file [C:\Users\agmarc80\IdeaProjects\TekDevProjects\AccounrServiceMs\build\classes\java\main\com\tekarch\accountServiceMs\client\UserServiceClient.class]
2024-12-16 07:25:14 [restartedMain] INFO  org.springframework.data.repository.config.RepositoryConfigurationDelegate - Bootstrapping Spring Data JPA repositories in DEFAULT mode.
2024-12-16 07:25:14 [restartedMain] INFO  org.springframework.data.repository.config.RepositoryConfigurationDelegate - Finished Spring Data repository scanning in 168 ms. Found 1 JPA repository interface.
2024-12-16 07:25:15 [restartedMain] INFO  org.springframework.cloud.context.scope.GenericScope - BeanFactory id=2f22a13c-3e28-3cb2-b9c8-cfe9cedf4162
2024-12-16 07:25:17 [restartedMain] INFO  org.springframework.boot.web.embedded.tomcat.TomcatWebServer - Tomcat initialized with port 8082 (http)
2024-12-16 07:25:17 [restartedMain] INFO  org.apache.coyote.http11.Http11NioProtocol - Initializing ProtocolHandler ["http-nio-8082"]
2024-12-16 07:25:17 [restartedMain] INFO  org.apache.catalina.core.StandardService - Starting service [Tomcat]
2024-12-16 07:25:17 [restartedMain] INFO  org.apache.catalina.core.StandardEngine - Starting Servlet engine: [Apache Tomcat/10.1.33]
2024-12-16 07:25:17 [restartedMain] INFO  org.apache.catalina.core.ContainerBase.[Tomcat].[localhost].[/] - Initializing Spring embedded WebApplicationContext
2024-12-16 07:25:17 [restartedMain] INFO  org.springframework.boot.web.servlet.context.ServletWebServerApplicationContext - Root WebApplicationContext: initialization completed in 7451 ms
2024-12-16 07:25:18 [restartedMain] INFO  org.hibernate.jpa.internal.util.LogHelper - HHH000204: Processing PersistenceUnitInfo [name: default]
2024-12-16 07:25:18 [restartedMain] INFO  org.hibernate.Version - HHH000412: Hibernate ORM core version 6.6.2.Final
2024-12-16 07:25:18 [restartedMain] INFO  org.hibernate.cache.internal.RegionFactoryInitiator - HHH000026: Second-level cache disabled
2024-12-16 07:25:20 [restartedMain] INFO  org.springframework.orm.jpa.persistenceunit.SpringPersistenceUnitInfo - No LoadTimeWeaver setup: ignoring JPA class transformer
2024-12-16 07:25:20 [restartedMain] INFO  com.zaxxer.hikari.HikariDataSource - HikariPool-1 - Starting...
2024-12-16 07:25:21 [restartedMain] INFO  com.zaxxer.hikari.pool.HikariPool - HikariPool-1 - Added connection com.mysql.cj.jdbc.ConnectionImpl@3656a373
2024-12-16 07:25:21 [restartedMain] INFO  com.zaxxer.hikari.HikariDataSource - HikariPool-1 - Start completed.
2024-12-16 07:25:21 [restartedMain] WARN  org.hibernate.orm.deprecation - HHH90000025: MySQLDialect does not need to be specified explicitly using 'hibernate.dialect' (remove the property setting and it will be selected by default)
2024-12-16 07:25:21 [restartedMain] INFO  org.hibernate.orm.connections.pooling - HHH10001005: Database info:
	Database JDBC URL [Connecting through datasource 'HikariDataSource (HikariPool-1)']
	Database driver: undefined/unknown
	Database version: 8.0.28
	Autocommit mode: undefined/unknown
	Isolation level: undefined/unknown
	Minimum pool size: undefined/unknown
	Maximum pool size: undefined/unknown
2024-12-16 07:25:24 [restartedMain] INFO  org.hibernate.engine.transaction.jta.platform.internal.JtaPlatformInitiator - HHH000489: No JTA platform available (set 'hibernate.transaction.jta.platform' to enable JTA platform integration)
2024-12-16 07:25:25 [restartedMain] INFO  org.springframework.orm.jpa.LocalContainerEntityManagerFactoryBean - Initialized JPA EntityManagerFactory for persistence unit 'default'
2024-12-16 07:25:26 [restartedMain] DEBUG org.springframework.cloud.openfeign.FeignClientFactoryBean - Creating a FeignClientFactoryBean.
2024-12-16 07:25:27 [restartedMain] WARN  org.springframework.boot.autoconfigure.orm.jpa.JpaBaseConfiguration$JpaWebConfiguration - spring.jpa.open-in-view is enabled by default. Therefore, database queries may be performed during view rendering. Explicitly configure spring.jpa.open-in-view to disable this warning
2024-12-16 07:25:27 [restartedMain] WARN  org.springframework.boot.devtools.autoconfigure.OptionalLiveReloadServer - Unable to start LiveReload server
2024-12-16 07:25:31 [restartedMain] INFO  org.springframework.cloud.commons.util.InetUtils - Cannot determine local hostname
2024-12-16 07:25:32 [restartedMain] INFO  org.apache.coyote.http11.Http11NioProtocol - Starting ProtocolHandler ["http-nio-8082"]
2024-12-16 07:25:32 [restartedMain] INFO  org.springframework.boot.web.embedded.tomcat.TomcatWebServer - Tomcat started on port 8082 (http) with context path '/'
2024-12-16 07:25:34 [restartedMain] INFO  org.springframework.cloud.commons.util.InetUtils - Cannot determine local hostname
2024-12-16 07:25:34 [restartedMain] INFO  com.tekarch.accountServiceMs.AccounrServiceMsApplication - Started AccounrServiceMsApplication in 28.714 seconds (process running for 34.172)
2024-12-16 07:58:06 [HikariPool-1 housekeeper] WARN  com.zaxxer.hikari.pool.HikariPool - HikariPool-1 - Thread starvation or clock leap detected (housekeeper delta=10m14s380ms434µs700ns).
2024-12-16 08:57:24 [HikariPool-1 housekeeper] WARN  com.zaxxer.hikari.pool.HikariPool - HikariPool-1 - Thread starvation or clock leap detected (housekeeper delta=19m17s476ms358µs500ns).
2024-12-16 09:13:28 [http-nio-8082-exec-1] INFO  org.apache.catalina.core.ContainerBase.[Tomcat].[localhost].[/] - Initializing Spring DispatcherServlet 'dispatcherServlet'
2024-12-16 09:13:28 [http-nio-8082-exec-1] INFO  org.springframework.web.servlet.DispatcherServlet - Initializing Servlet 'dispatcherServlet'
2024-12-16 09:13:28 [http-nio-8082-exec-1] INFO  org.springframework.web.servlet.DispatcherServlet - Completed initialization in 10 ms
2024-12-16 09:13:29 [http-nio-8082-exec-1] INFO  com.tekarch.accountServiceMs.controller.AccountController - Request received to fetch accounts for userId=1
2024-12-16 09:13:29 [http-nio-8082-exec-1] DEBUG org.hibernate.SQL - 
    /* <criteria> */ select
        a1_0.account_id,
        a1_0.account_number,
        a1_0.account_type,
        a1_0.balance,
        a1_0.created_at,
        a1_0.currency,
        a1_0.updated_at,
        a1_0.user_id 
    from
        accounts a1_0 
    where
        a1_0.user_id=?
2024-12-16 09:13:32 [http-nio-8082-exec-2] INFO  com.tekarch.accountServiceMs.controller.AccountController - Request received to fetch accounts for userId=1
2024-12-16 09:13:32 [http-nio-8082-exec-2] DEBUG org.hibernate.SQL - 
    /* <criteria> */ select
        a1_0.account_id,
        a1_0.account_number,
        a1_0.account_type,
        a1_0.balance,
        a1_0.created_at,
        a1_0.currency,
        a1_0.updated_at,
        a1_0.user_id 
    from
        accounts a1_0 
    where
        a1_0.user_id=?
2024-12-16 09:20:26 [http-nio-8082-exec-4] INFO  com.tekarch.accountServiceMs.controller.AccountController - Request received to fetch accounts for userId=2
2024-12-16 09:20:26 [http-nio-8082-exec-4] DEBUG org.hibernate.SQL - 
    /* <criteria> */ select
        a1_0.account_id,
        a1_0.account_number,
        a1_0.account_type,
        a1_0.balance,
        a1_0.created_at,
        a1_0.currency,
        a1_0.updated_at,
        a1_0.user_id 
    from
        accounts a1_0 
    where
        a1_0.user_id=?
2024-12-16 09:20:26 [http-nio-8082-exec-7] INFO  com.tekarch.accountServiceMs.controller.AccountController - Request received to fetch accounts for userId=2
2024-12-16 09:20:26 [http-nio-8082-exec-7] DEBUG org.hibernate.SQL - 
    /* <criteria> */ select
        a1_0.account_id,
        a1_0.account_number,
        a1_0.account_type,
        a1_0.balance,
        a1_0.created_at,
        a1_0.currency,
        a1_0.updated_at,
        a1_0.user_id 
    from
        accounts a1_0 
    where
        a1_0.user_id=?
2024-12-16 10:56:33 [HikariPool-1 housekeeper] WARN  com.zaxxer.hikari.pool.HikariPool - HikariPool-1 - Thread starvation or clock leap detected (housekeeper delta=1h36m8s864ms419µs700ns).
2024-12-16 11:01:04 [http-nio-8082-exec-6] INFO  com.tekarch.accountServiceMs.controller.AccountController - Request received to fetch accounts for userId=1
2024-12-16 11:01:04 [http-nio-8082-exec-6] DEBUG org.hibernate.SQL - 
    /* <criteria> */ select
        a1_0.account_id,
        a1_0.account_number,
        a1_0.account_type,
        a1_0.balance,
        a1_0.created_at,
        a1_0.currency,
        a1_0.updated_at,
        a1_0.user_id 
    from
        accounts a1_0 
    where
        a1_0.user_id=?
2024-12-16 11:46:27 [http-nio-8082-exec-9] INFO  com.tekarch.accountServiceMs.controller.AccountController - Request received to fetch accounts for userId=2
2024-12-16 11:46:27 [http-nio-8082-exec-9] DEBUG org.hibernate.SQL - 
    /* <criteria> */ select
        a1_0.account_id,
        a1_0.account_number,
        a1_0.account_type,
        a1_0.balance,
        a1_0.created_at,
        a1_0.currency,
        a1_0.updated_at,
        a1_0.user_id 
    from
        accounts a1_0 
    where
        a1_0.user_id=?
2024-12-16 11:46:27 [http-nio-8082-exec-1] INFO  com.tekarch.accountServiceMs.controller.AccountController - Request received to fetch accounts for userId=2
2024-12-16 11:46:27 [http-nio-8082-exec-1] DEBUG org.hibernate.SQL - 
    /* <criteria> */ select
        a1_0.account_id,
        a1_0.account_number,
        a1_0.account_type,
        a1_0.balance,
        a1_0.created_at,
        a1_0.currency,
        a1_0.updated_at,
        a1_0.user_id 
    from
        accounts a1_0 
    where
        a1_0.user_id=?
2024-12-16 11:46:29 [http-nio-8082-exec-2] WARN  org.springframework.web.servlet.mvc.method.annotation.ExceptionHandlerExceptionResolver - Resolved [org.springframework.web.servlet.resource.NoResourceFoundException: No static resource accounts/2/validate.]
2024-12-16 11:59:00 [File Watcher] INFO  org.springframework.boot.devtools.autoconfigure.LocalDevToolsAutoConfiguration$RestartingClassPathChangeChangedEventListener - Restarting due to 3 class path changes (0 additions, 3 deletions, 0 modifications)
2024-12-16 11:59:01 [Thread-1] INFO  org.springframework.boot.web.embedded.tomcat.GracefulShutdown - Commencing graceful shutdown. Waiting for active requests to complete
2024-12-16 11:59:01 [tomcat-shutdown] INFO  org.apache.coyote.http11.Http11NioProtocol - Pausing ProtocolHandler ["http-nio-8082"]
2024-12-16 11:59:02 [tomcat-shutdown] INFO  org.springframework.boot.web.embedded.tomcat.GracefulShutdown - Graceful shutdown complete
2024-12-16 11:59:02 [Thread-1] INFO  org.apache.coyote.http11.Http11NioProtocol - Stopping ProtocolHandler ["http-nio-8082"]
2024-12-16 11:59:02 [Thread-1] INFO  org.springframework.orm.jpa.LocalContainerEntityManagerFactoryBean - Closing JPA EntityManagerFactory for persistence unit 'default'
2024-12-16 11:59:02 [Thread-1] INFO  com.zaxxer.hikari.HikariDataSource - HikariPool-1 - Shutdown initiated...
2024-12-16 11:59:02 [Thread-1] INFO  com.zaxxer.hikari.HikariDataSource - HikariPool-1 - Shutdown completed.
2024-12-16 11:59:05 [restartedMain] INFO  com.tekarch.accountServiceMs.AccounrServiceMsApplication - Starting AccounrServiceMsApplication using Java 17.0.11 with PID 37200 (C:\Users\agmarc80\IdeaProjects\TekDevProjects\AccounrServiceMs\build\classes\java\main started by agmarc80 in C:\Users\agmarc80\IdeaProjects\TekDevProjects\AccounrServiceMs)
2024-12-16 11:59:05 [restartedMain] INFO  com.tekarch.accountServiceMs.AccounrServiceMsApplication - No active profile set, falling back to 1 default profile: "default"
2024-12-16 11:59:05 [restartedMain] DEBUG org.springframework.cloud.openfeign.FeignClientsRegistrar$1 - Identified candidate component class: file [C:\Users\agmarc80\IdeaProjects\TekDevProjects\AccounrServiceMs\build\classes\java\main\com\tekarch\accountServiceMs\client\UserServiceClient.class]
2024-12-16 11:59:06 [restartedMain] INFO  org.springframework.data.repository.config.RepositoryConfigurationDelegate - Bootstrapping Spring Data JPA repositories in DEFAULT mode.
2024-12-16 11:59:06 [restartedMain] INFO  org.springframework.data.repository.config.RepositoryConfigurationDelegate - Finished Spring Data repository scanning in 52 ms. Found 1 JPA repository interface.
2024-12-16 11:59:06 [restartedMain] INFO  org.springframework.cloud.context.scope.GenericScope - BeanFactory id=2f22a13c-3e28-3cb2-b9c8-cfe9cedf4162
2024-12-16 11:59:06 [restartedMain] INFO  org.springframework.boot.web.embedded.tomcat.TomcatWebServer - Tomcat initialized with port 8082 (http)
2024-12-16 11:59:06 [restartedMain] INFO  org.apache.coyote.http11.Http11NioProtocol - Initializing ProtocolHandler ["http-nio-8082"]
2024-12-16 11:59:06 [restartedMain] INFO  org.apache.catalina.core.StandardService - Starting service [Tomcat]
2024-12-16 11:59:06 [restartedMain] INFO  org.apache.catalina.core.StandardEngine - Starting Servlet engine: [Apache Tomcat/10.1.33]
2024-12-16 11:59:06 [restartedMain] INFO  org.apache.catalina.core.ContainerBase.[Tomcat].[localhost].[/] - Initializing Spring embedded WebApplicationContext
2024-12-16 11:59:06 [restartedMain] INFO  org.springframework.boot.web.servlet.context.ServletWebServerApplicationContext - Root WebApplicationContext: initialization completed in 1669 ms
2024-12-16 11:59:06 [restartedMain] INFO  org.hibernate.jpa.internal.util.LogHelper - HHH000204: Processing PersistenceUnitInfo [name: default]
2024-12-16 11:59:06 [restartedMain] INFO  org.hibernate.cache.internal.RegionFactoryInitiator - HHH000026: Second-level cache disabled
2024-12-16 11:59:07 [restartedMain] INFO  org.springframework.orm.jpa.persistenceunit.SpringPersistenceUnitInfo - No LoadTimeWeaver setup: ignoring JPA class transformer
2024-12-16 11:59:07 [restartedMain] INFO  com.zaxxer.hikari.HikariDataSource - HikariPool-2 - Starting...
2024-12-16 11:59:07 [restartedMain] INFO  com.zaxxer.hikari.pool.HikariPool - HikariPool-2 - Added connection com.mysql.cj.jdbc.ConnectionImpl@7abe0595
2024-12-16 11:59:07 [restartedMain] INFO  com.zaxxer.hikari.HikariDataSource - HikariPool-2 - Start completed.
2024-12-16 11:59:07 [restartedMain] WARN  org.hibernate.orm.deprecation - HHH90000025: MySQLDialect does not need to be specified explicitly using 'hibernate.dialect' (remove the property setting and it will be selected by default)
2024-12-16 11:59:07 [restartedMain] INFO  org.hibernate.orm.connections.pooling - HHH10001005: Database info:
	Database JDBC URL [Connecting through datasource 'HikariDataSource (HikariPool-2)']
	Database driver: undefined/unknown
	Database version: 8.0.28
	Autocommit mode: undefined/unknown
	Isolation level: undefined/unknown
	Minimum pool size: undefined/unknown
	Maximum pool size: undefined/unknown
2024-12-16 11:59:07 [restartedMain] INFO  org.hibernate.engine.transaction.jta.platform.internal.JtaPlatformInitiator - HHH000489: No JTA platform available (set 'hibernate.transaction.jta.platform' to enable JTA platform integration)
2024-12-16 11:59:07 [restartedMain] INFO  org.springframework.orm.jpa.LocalContainerEntityManagerFactoryBean - Initialized JPA EntityManagerFactory for persistence unit 'default'
2024-12-16 11:59:07 [restartedMain] DEBUG org.springframework.cloud.openfeign.FeignClientFactoryBean - Creating a FeignClientFactoryBean.
2024-12-16 11:59:07 [restartedMain] WARN  org.springframework.boot.autoconfigure.orm.jpa.JpaBaseConfiguration$JpaWebConfiguration - spring.jpa.open-in-view is enabled by default. Therefore, database queries may be performed during view rendering. Explicitly configure spring.jpa.open-in-view to disable this warning
2024-12-16 11:59:07 [restartedMain] WARN  org.springframework.boot.devtools.autoconfigure.OptionalLiveReloadServer - Unable to start LiveReload server
2024-12-16 11:59:09 [File Watcher] INFO  org.springframework.boot.devtools.autoconfigure.LocalDevToolsAutoConfiguration$RestartingClassPathChangeChangedEventListener - Restarting due to 3 class path changes (3 additions, 0 deletions, 0 modifications)
2024-12-16 11:59:09 [restartedMain] INFO  org.springframework.cloud.commons.util.InetUtils - Cannot determine local hostname
2024-12-16 11:59:09 [restartedMain] INFO  org.apache.coyote.http11.Http11NioProtocol - Starting ProtocolHandler ["http-nio-8082"]
2024-12-16 11:59:09 [restartedMain] INFO  org.springframework.boot.web.embedded.tomcat.TomcatWebServer - Tomcat started on port 8082 (http) with context path '/'
2024-12-16 11:59:10 [restartedMain] INFO  com.tekarch.accountServiceMs.AccounrServiceMsApplication - Starting AccounrServiceMsApplication using Java 17.0.11 with PID 31056 (C:\Users\agmarc80\IdeaProjects\TekDevProjects\AccounrServiceMs\build\classes\java\main started by agmarc80 in C:\Users\agmarc80\IdeaProjects\TekDevProjects\AccounrServiceMs)
2024-12-16 11:59:10 [restartedMain] INFO  com.tekarch.accountServiceMs.AccounrServiceMsApplication - No active profile set, falling back to 1 default profile: "default"
2024-12-16 11:59:10 [restartedMain] INFO  org.springframework.boot.devtools.env.DevToolsPropertyDefaultsPostProcessor - Devtools property defaults active! Set 'spring.devtools.add-properties' to 'false' to disable
2024-12-16 11:59:10 [restartedMain] INFO  org.springframework.boot.devtools.env.DevToolsPropertyDefaultsPostProcessor - For additional web related logging consider setting the 'logging.level.web' property to 'DEBUG'
2024-12-16 11:59:11 [restartedMain] INFO  org.springframework.cloud.commons.util.InetUtils - Cannot determine local hostname
2024-12-16 11:59:11 [restartedMain] INFO  com.tekarch.accountServiceMs.AccounrServiceMsApplication - Started AccounrServiceMsApplication in 8.689 seconds (process running for 16451.475)
2024-12-16 11:59:11 [Thread-8] INFO  org.springframework.boot.web.embedded.tomcat.GracefulShutdown - Commencing graceful shutdown. Waiting for active requests to complete
2024-12-16 11:59:11 [restartedMain] INFO  org.springframework.boot.devtools.autoconfigure.ConditionEvaluationDeltaLoggingListener - Condition evaluation unchanged
2024-12-16 11:59:11 [tomcat-shutdown] INFO  org.apache.coyote.http11.Http11NioProtocol - Pausing ProtocolHandler ["http-nio-8082"]
2024-12-16 11:59:12 [restartedMain] DEBUG org.springframework.cloud.openfeign.FeignClientsRegistrar$1 - Identified candidate component class: file [C:\Users\agmarc80\IdeaProjects\TekDevProjects\AccounrServiceMs\build\classes\java\main\com\tekarch\accountServiceMs\client\UserServiceClient.class]
2024-12-16 11:59:12 [tomcat-shutdown] INFO  org.springframework.boot.web.embedded.tomcat.GracefulShutdown - Graceful shutdown complete
2024-12-16 11:59:12 [Thread-8] INFO  org.apache.coyote.http11.Http11NioProtocol - Stopping ProtocolHandler ["http-nio-8082"]
2024-12-16 11:59:12 [Thread-8] INFO  org.springframework.orm.jpa.LocalContainerEntityManagerFactoryBean - Closing JPA EntityManagerFactory for persistence unit 'default'
2024-12-16 11:59:12 [Thread-8] INFO  com.zaxxer.hikari.HikariDataSource - HikariPool-2 - Shutdown initiated...
2024-12-16 11:59:12 [Thread-8] INFO  com.zaxxer.hikari.HikariDataSource - HikariPool-2 - Shutdown completed.
2024-12-16 11:59:13 [restartedMain] INFO  org.springframework.data.repository.config.RepositoryConfigurationDelegate - Bootstrapping Spring Data JPA repositories in DEFAULT mode.
2024-12-16 11:59:13 [restartedMain] INFO  org.springframework.data.repository.config.RepositoryConfigurationDelegate - Finished Spring Data repository scanning in 151 ms. Found 1 JPA repository interface.
2024-12-16 11:59:14 [restartedMain] INFO  org.springframework.cloud.context.scope.GenericScope - BeanFactory id=2f22a13c-3e28-3cb2-b9c8-cfe9cedf4162
2024-12-16 11:59:14 [restartedMain] INFO  com.tekarch.accountServiceMs.AccounrServiceMsApplication - Starting AccounrServiceMsApplication using Java 17.0.11 with PID 37200 (C:\Users\agmarc80\IdeaProjects\TekDevProjects\AccounrServiceMs\build\classes\java\main started by agmarc80 in C:\Users\agmarc80\IdeaProjects\TekDevProjects\AccounrServiceMs)
2024-12-16 11:59:14 [restartedMain] INFO  com.tekarch.accountServiceMs.AccounrServiceMsApplication - No active profile set, falling back to 1 default profile: "default"
2024-12-16 11:59:15 [restartedMain] DEBUG org.springframework.cloud.openfeign.FeignClientsRegistrar$1 - Identified candidate component class: file [C:\Users\agmarc80\IdeaProjects\TekDevProjects\AccounrServiceMs\build\classes\java\main\com\tekarch\accountServiceMs\client\UserServiceClient.class]
2024-12-16 11:59:15 [restartedMain] INFO  org.springframework.boot.web.embedded.tomcat.TomcatWebServer - Tomcat initialized with port 8082 (http)
2024-12-16 11:59:15 [restartedMain] INFO  org.apache.coyote.http11.Http11NioProtocol - Initializing ProtocolHandler ["http-nio-8082"]
2024-12-16 11:59:15 [restartedMain] INFO  org.springframework.data.repository.config.RepositoryConfigurationDelegate - Bootstrapping Spring Data JPA repositories in DEFAULT mode.
2024-12-16 11:59:15 [restartedMain] INFO  org.apache.catalina.core.StandardService - Starting service [Tomcat]
2024-12-16 11:59:15 [restartedMain] INFO  org.apache.catalina.core.StandardEngine - Starting Servlet engine: [Apache Tomcat/10.1.33]
2024-12-16 11:59:15 [restartedMain] INFO  org.springframework.data.repository.config.RepositoryConfigurationDelegate - Finished Spring Data repository scanning in 45 ms. Found 1 JPA repository interface.
2024-12-16 11:59:16 [restartedMain] INFO  org.springframework.cloud.context.scope.GenericScope - BeanFactory id=2f22a13c-3e28-3cb2-b9c8-cfe9cedf4162
2024-12-16 11:59:16 [restartedMain] INFO  org.apache.catalina.core.ContainerBase.[Tomcat].[localhost].[/] - Initializing Spring embedded WebApplicationContext
2024-12-16 11:59:16 [restartedMain] INFO  org.springframework.boot.web.servlet.context.ServletWebServerApplicationContext - Root WebApplicationContext: initialization completed in 5332 ms
2024-12-16 11:59:16 [restartedMain] INFO  org.springframework.boot.web.embedded.tomcat.TomcatWebServer - Tomcat initialized with port 8082 (http)
2024-12-16 11:59:16 [restartedMain] INFO  org.apache.coyote.http11.Http11NioProtocol - Initializing ProtocolHandler ["http-nio-8082"]
2024-12-16 11:59:16 [restartedMain] INFO  org.apache.catalina.core.StandardService - Starting service [Tomcat]
2024-12-16 11:59:16 [restartedMain] INFO  org.apache.catalina.core.StandardEngine - Starting Servlet engine: [Apache Tomcat/10.1.33]
2024-12-16 11:59:16 [restartedMain] INFO  org.apache.catalina.core.ContainerBase.[Tomcat].[localhost].[/] - Initializing Spring embedded WebApplicationContext
2024-12-16 11:59:16 [restartedMain] INFO  org.springframework.boot.web.servlet.context.ServletWebServerApplicationContext - Root WebApplicationContext: initialization completed in 1523 ms
2024-12-16 11:59:16 [restartedMain] INFO  org.hibernate.jpa.internal.util.LogHelper - HHH000204: Processing PersistenceUnitInfo [name: default]
2024-12-16 11:59:16 [restartedMain] INFO  org.hibernate.cache.internal.RegionFactoryInitiator - HHH000026: Second-level cache disabled
2024-12-16 11:59:16 [restartedMain] INFO  org.springframework.orm.jpa.persistenceunit.SpringPersistenceUnitInfo - No LoadTimeWeaver setup: ignoring JPA class transformer
2024-12-16 11:59:16 [restartedMain] INFO  com.zaxxer.hikari.HikariDataSource - HikariPool-3 - Starting...
2024-12-16 11:59:16 [restartedMain] INFO  com.zaxxer.hikari.pool.HikariPool - HikariPool-3 - Added connection com.mysql.cj.jdbc.ConnectionImpl@6f8199c6
2024-12-16 11:59:16 [restartedMain] INFO  com.zaxxer.hikari.HikariDataSource - HikariPool-3 - Start completed.
2024-12-16 11:59:16 [restartedMain] WARN  org.hibernate.orm.deprecation - HHH90000025: MySQLDialect does not need to be specified explicitly using 'hibernate.dialect' (remove the property setting and it will be selected by default)
2024-12-16 11:59:16 [restartedMain] INFO  org.hibernate.orm.connections.pooling - HHH10001005: Database info:
	Database JDBC URL [Connecting through datasource 'HikariDataSource (HikariPool-3)']
	Database driver: undefined/unknown
	Database version: 8.0.28
	Autocommit mode: undefined/unknown
	Isolation level: undefined/unknown
	Minimum pool size: undefined/unknown
	Maximum pool size: undefined/unknown
2024-12-16 11:59:16 [restartedMain] INFO  org.hibernate.engine.transaction.jta.platform.internal.JtaPlatformInitiator - HHH000489: No JTA platform available (set 'hibernate.transaction.jta.platform' to enable JTA platform integration)
2024-12-16 11:59:17 [restartedMain] INFO  org.springframework.orm.jpa.LocalContainerEntityManagerFactoryBean - Initialized JPA EntityManagerFactory for persistence unit 'default'
2024-12-16 11:59:17 [restartedMain] DEBUG org.springframework.cloud.openfeign.FeignClientFactoryBean - Creating a FeignClientFactoryBean.
2024-12-16 11:59:17 [restartedMain] WARN  org.springframework.boot.autoconfigure.orm.jpa.JpaBaseConfiguration$JpaWebConfiguration - spring.jpa.open-in-view is enabled by default. Therefore, database queries may be performed during view rendering. Explicitly configure spring.jpa.open-in-view to disable this warning
2024-12-16 11:59:17 [restartedMain] WARN  org.springframework.boot.devtools.autoconfigure.OptionalLiveReloadServer - Unable to start LiveReload server
2024-12-16 11:59:18 [restartedMain] INFO  org.hibernate.jpa.internal.util.LogHelper - HHH000204: Processing PersistenceUnitInfo [name: default]
2024-12-16 11:59:18 [restartedMain] INFO  org.hibernate.Version - HHH000412: Hibernate ORM core version 6.6.2.Final
2024-12-16 11:59:18 [restartedMain] INFO  org.hibernate.cache.internal.RegionFactoryInitiator - HHH000026: Second-level cache disabled
2024-12-16 11:59:19 [restartedMain] INFO  org.springframework.orm.jpa.persistenceunit.SpringPersistenceUnitInfo - No LoadTimeWeaver setup: ignoring JPA class transformer
2024-12-16 11:59:19 [restartedMain] INFO  com.zaxxer.hikari.HikariDataSource - HikariPool-1 - Starting...
2024-12-16 11:59:19 [restartedMain] INFO  com.zaxxer.hikari.pool.HikariPool - HikariPool-1 - Added connection com.mysql.cj.jdbc.ConnectionImpl@2c28d1d1
2024-12-16 11:59:19 [restartedMain] INFO  com.zaxxer.hikari.HikariDataSource - HikariPool-1 - Start completed.
2024-12-16 11:59:19 [restartedMain] INFO  org.springframework.cloud.commons.util.InetUtils - Cannot determine local hostname
2024-12-16 11:59:19 [restartedMain] INFO  org.apache.coyote.http11.Http11NioProtocol - Starting ProtocolHandler ["http-nio-8082"]
2024-12-16 11:59:19 [restartedMain] INFO  org.springframework.boot.web.embedded.tomcat.TomcatWebServer - Tomcat started on port 8082 (http) with context path '/'
2024-12-16 11:59:19 [restartedMain] WARN  org.hibernate.orm.deprecation - HHH90000025: MySQLDialect does not need to be specified explicitly using 'hibernate.dialect' (remove the property setting and it will be selected by default)
2024-12-16 11:59:20 [restartedMain] INFO  org.hibernate.orm.connections.pooling - HHH10001005: Database info:
	Database JDBC URL [Connecting through datasource 'HikariDataSource (HikariPool-1)']
	Database driver: undefined/unknown
	Database version: 8.0.28
	Autocommit mode: undefined/unknown
	Isolation level: undefined/unknown
	Minimum pool size: undefined/unknown
	Maximum pool size: undefined/unknown
2024-12-16 11:59:21 [restartedMain] INFO  org.springframework.cloud.commons.util.InetUtils - Cannot determine local hostname
2024-12-16 11:59:21 [restartedMain] INFO  com.tekarch.accountServiceMs.AccounrServiceMsApplication - Started AccounrServiceMsApplication in 8.38 seconds (process running for 16461.107)
2024-12-16 11:59:21 [restartedMain] INFO  org.springframework.boot.devtools.autoconfigure.ConditionEvaluationDeltaLoggingListener - Condition evaluation unchanged
2024-12-16 11:59:22 [restartedMain] INFO  org.hibernate.engine.transaction.jta.platform.internal.JtaPlatformInitiator - HHH000489: No JTA platform available (set 'hibernate.transaction.jta.platform' to enable JTA platform integration)
2024-12-16 11:59:22 [restartedMain] INFO  org.springframework.orm.jpa.LocalContainerEntityManagerFactoryBean - Initialized JPA EntityManagerFactory for persistence unit 'default'
2024-12-16 11:59:23 [restartedMain] DEBUG org.springframework.cloud.openfeign.FeignClientFactoryBean - Creating a FeignClientFactoryBean.
2024-12-16 11:59:24 [restartedMain] WARN  org.springframework.boot.autoconfigure.orm.jpa.JpaBaseConfiguration$JpaWebConfiguration - spring.jpa.open-in-view is enabled by default. Therefore, database queries may be performed during view rendering. Explicitly configure spring.jpa.open-in-view to disable this warning
2024-12-16 11:59:24 [restartedMain] WARN  org.springframework.boot.devtools.autoconfigure.OptionalLiveReloadServer - Unable to start LiveReload server
2024-12-16 11:59:27 [restartedMain] INFO  org.springframework.cloud.commons.util.InetUtils - Cannot determine local hostname
2024-12-16 11:59:27 [restartedMain] INFO  org.apache.coyote.http11.Http11NioProtocol - Starting ProtocolHandler ["http-nio-8082"]
2024-12-16 11:59:27 [restartedMain] WARN  org.springframework.boot.web.servlet.context.AnnotationConfigServletWebServerApplicationContext - Exception encountered during context initialization - cancelling refresh attempt: org.springframework.context.ApplicationContextException: Failed to start bean 'webServerStartStop'
2024-12-16 11:59:27 [restartedMain] INFO  org.springframework.orm.jpa.LocalContainerEntityManagerFactoryBean - Closing JPA EntityManagerFactory for persistence unit 'default'
2024-12-16 11:59:27 [restartedMain] INFO  com.zaxxer.hikari.HikariDataSource - HikariPool-1 - Shutdown initiated...
2024-12-16 11:59:27 [restartedMain] INFO  com.zaxxer.hikari.HikariDataSource - HikariPool-1 - Shutdown completed.
2024-12-16 11:59:27 [restartedMain] INFO  org.springframework.boot.autoconfigure.logging.ConditionEvaluationReportLogger - 

Error starting ApplicationContext. To display the condition evaluation report re-run your application with 'debug' enabled.
2024-12-16 11:59:27 [restartedMain] ERROR org.springframework.boot.diagnostics.LoggingFailureAnalysisReporter - 

***************************
APPLICATION FAILED TO START
***************************

Description:

Web server failed to start. Port 8082 was already in use.

Action:

Identify and stop the process that's listening on port 8082 or configure this application to listen on another port.

2024-12-16 12:00:07 [restartedMain] INFO  com.tekarch.accountServiceMs.AccounrServiceMsApplication - Starting AccounrServiceMsApplication using Java 17.0.11 with PID 29812 (C:\Users\agmarc80\IdeaProjects\TekDevProjects\AccounrServiceMs\build\classes\java\main started by agmarc80 in C:\Users\agmarc80\IdeaProjects\TekDevProjects\AccounrServiceMs)
2024-12-16 12:00:07 [restartedMain] INFO  com.tekarch.accountServiceMs.AccounrServiceMsApplication - No active profile set, falling back to 1 default profile: "default"
2024-12-16 12:00:07 [restartedMain] INFO  org.springframework.boot.devtools.env.DevToolsPropertyDefaultsPostProcessor - Devtools property defaults active! Set 'spring.devtools.add-properties' to 'false' to disable
2024-12-16 12:00:07 [restartedMain] INFO  org.springframework.boot.devtools.env.DevToolsPropertyDefaultsPostProcessor - For additional web related logging consider setting the 'logging.level.web' property to 'DEBUG'
2024-12-16 12:00:09 [restartedMain] DEBUG org.springframework.cloud.openfeign.FeignClientsRegistrar$1 - Identified candidate component class: file [C:\Users\agmarc80\IdeaProjects\TekDevProjects\AccounrServiceMs\build\classes\java\main\com\tekarch\accountServiceMs\client\UserServiceClient.class]
2024-12-16 12:00:10 [restartedMain] INFO  org.springframework.data.repository.config.RepositoryConfigurationDelegate - Bootstrapping Spring Data JPA repositories in DEFAULT mode.
2024-12-16 12:00:10 [restartedMain] INFO  org.springframework.data.repository.config.RepositoryConfigurationDelegate - Finished Spring Data repository scanning in 124 ms. Found 1 JPA repository interface.
2024-12-16 12:00:11 [restartedMain] INFO  org.springframework.cloud.context.scope.GenericScope - BeanFactory id=2f22a13c-3e28-3cb2-b9c8-cfe9cedf4162
2024-12-16 12:00:12 [restartedMain] INFO  org.springframework.boot.web.embedded.tomcat.TomcatWebServer - Tomcat initialized with port 8082 (http)
2024-12-16 12:00:13 [restartedMain] INFO  org.apache.coyote.http11.Http11NioProtocol - Initializing ProtocolHandler ["http-nio-8082"]
2024-12-16 12:00:13 [restartedMain] INFO  org.apache.catalina.core.StandardService - Starting service [Tomcat]
2024-12-16 12:00:13 [restartedMain] INFO  org.apache.catalina.core.StandardEngine - Starting Servlet engine: [Apache Tomcat/10.1.33]
2024-12-16 12:00:13 [restartedMain] INFO  org.apache.catalina.core.ContainerBase.[Tomcat].[localhost].[/] - Initializing Spring embedded WebApplicationContext
2024-12-16 12:00:13 [restartedMain] INFO  org.springframework.boot.web.servlet.context.ServletWebServerApplicationContext - Root WebApplicationContext: initialization completed in 5825 ms
2024-12-16 12:00:13 [restartedMain] INFO  org.hibernate.jpa.internal.util.LogHelper - HHH000204: Processing PersistenceUnitInfo [name: default]
2024-12-16 12:00:14 [restartedMain] INFO  org.hibernate.Version - HHH000412: Hibernate ORM core version 6.6.2.Final
2024-12-16 12:00:14 [restartedMain] INFO  org.hibernate.cache.internal.RegionFactoryInitiator - HHH000026: Second-level cache disabled
2024-12-16 12:00:14 [restartedMain] INFO  org.springframework.orm.jpa.persistenceunit.SpringPersistenceUnitInfo - No LoadTimeWeaver setup: ignoring JPA class transformer
2024-12-16 12:00:14 [restartedMain] INFO  com.zaxxer.hikari.HikariDataSource - HikariPool-1 - Starting...
2024-12-16 12:00:15 [restartedMain] INFO  com.zaxxer.hikari.pool.HikariPool - HikariPool-1 - Added connection com.mysql.cj.jdbc.ConnectionImpl@6f90682a
2024-12-16 12:00:15 [restartedMain] INFO  com.zaxxer.hikari.HikariDataSource - HikariPool-1 - Start completed.
2024-12-16 12:00:15 [restartedMain] WARN  org.hibernate.orm.deprecation - HHH90000025: MySQLDialect does not need to be specified explicitly using 'hibernate.dialect' (remove the property setting and it will be selected by default)
2024-12-16 12:00:15 [restartedMain] INFO  org.hibernate.orm.connections.pooling - HHH10001005: Database info:
	Database JDBC URL [Connecting through datasource 'HikariDataSource (HikariPool-1)']
	Database driver: undefined/unknown
	Database version: 8.0.28
	Autocommit mode: undefined/unknown
	Isolation level: undefined/unknown
	Minimum pool size: undefined/unknown
	Maximum pool size: undefined/unknown
2024-12-16 12:00:18 [restartedMain] INFO  org.hibernate.engine.transaction.jta.platform.internal.JtaPlatformInitiator - HHH000489: No JTA platform available (set 'hibernate.transaction.jta.platform' to enable JTA platform integration)
2024-12-16 12:00:18 [restartedMain] INFO  org.springframework.orm.jpa.LocalContainerEntityManagerFactoryBean - Initialized JPA EntityManagerFactory for persistence unit 'default'
2024-12-16 12:00:19 [restartedMain] DEBUG org.springframework.cloud.openfeign.FeignClientFactoryBean - Creating a FeignClientFactoryBean.
2024-12-16 12:00:20 [restartedMain] WARN  org.springframework.boot.autoconfigure.orm.jpa.JpaBaseConfiguration$JpaWebConfiguration - spring.jpa.open-in-view is enabled by default. Therefore, database queries may be performed during view rendering. Explicitly configure spring.jpa.open-in-view to disable this warning
2024-12-16 12:00:20 [restartedMain] WARN  org.springframework.boot.devtools.autoconfigure.OptionalLiveReloadServer - Unable to start LiveReload server
2024-12-16 12:00:22 [restartedMain] INFO  org.springframework.cloud.commons.util.InetUtils - Cannot determine local hostname
2024-12-16 12:00:22 [restartedMain] INFO  org.apache.coyote.http11.Http11NioProtocol - Starting ProtocolHandler ["http-nio-8082"]
2024-12-16 12:00:22 [restartedMain] WARN  org.springframework.boot.web.servlet.context.AnnotationConfigServletWebServerApplicationContext - Exception encountered during context initialization - cancelling refresh attempt: org.springframework.context.ApplicationContextException: Failed to start bean 'webServerStartStop'
2024-12-16 12:00:22 [restartedMain] INFO  org.springframework.orm.jpa.LocalContainerEntityManagerFactoryBean - Closing JPA EntityManagerFactory for persistence unit 'default'
2024-12-16 12:00:22 [restartedMain] INFO  com.zaxxer.hikari.HikariDataSource - HikariPool-1 - Shutdown initiated...
2024-12-16 12:00:22 [restartedMain] INFO  com.zaxxer.hikari.HikariDataSource - HikariPool-1 - Shutdown completed.
2024-12-16 12:00:23 [restartedMain] INFO  org.springframework.boot.autoconfigure.logging.ConditionEvaluationReportLogger - 

Error starting ApplicationContext. To display the condition evaluation report re-run your application with 'debug' enabled.
2024-12-16 12:00:23 [restartedMain] ERROR org.springframework.boot.diagnostics.LoggingFailureAnalysisReporter - 

***************************
APPLICATION FAILED TO START
***************************

Description:

Web server failed to start. Port 8082 was already in use.

Action:

Identify and stop the process that's listening on port 8082 or configure this application to listen on another port.

2024-12-16 12:01:04 [restartedMain] INFO  com.tekarch.accountServiceMs.AccounrServiceMsApplication - Starting AccounrServiceMsApplication using Java 17.0.11 with PID 9100 (C:\Users\agmarc80\IdeaProjects\TekDevProjects\AccounrServiceMs\build\classes\java\main started by agmarc80 in C:\Users\agmarc80\IdeaProjects\TekDevProjects\AccounrServiceMs)
2024-12-16 12:01:04 [restartedMain] INFO  com.tekarch.accountServiceMs.AccounrServiceMsApplication - No active profile set, falling back to 1 default profile: "default"
2024-12-16 12:01:05 [restartedMain] INFO  org.springframework.boot.devtools.env.DevToolsPropertyDefaultsPostProcessor - Devtools property defaults active! Set 'spring.devtools.add-properties' to 'false' to disable
2024-12-16 12:01:05 [restartedMain] INFO  org.springframework.boot.devtools.env.DevToolsPropertyDefaultsPostProcessor - For additional web related logging consider setting the 'logging.level.web' property to 'DEBUG'
2024-12-16 12:01:06 [restartedMain] DEBUG org.springframework.cloud.openfeign.FeignClientsRegistrar$1 - Identified candidate component class: file [C:\Users\agmarc80\IdeaProjects\TekDevProjects\AccounrServiceMs\build\classes\java\main\com\tekarch\accountServiceMs\client\UserServiceClient.class]
2024-12-16 12:01:07 [restartedMain] INFO  org.springframework.data.repository.config.RepositoryConfigurationDelegate - Bootstrapping Spring Data JPA repositories in DEFAULT mode.
2024-12-16 12:01:07 [restartedMain] INFO  org.springframework.data.repository.config.RepositoryConfigurationDelegate - Finished Spring Data repository scanning in 182 ms. Found 1 JPA repository interface.
2024-12-16 12:01:08 [restartedMain] INFO  org.springframework.cloud.context.scope.GenericScope - BeanFactory id=2f22a13c-3e28-3cb2-b9c8-cfe9cedf4162
2024-12-16 12:01:10 [restartedMain] INFO  org.springframework.boot.web.embedded.tomcat.TomcatWebServer - Tomcat initialized with port 8082 (http)
2024-12-16 12:01:10 [restartedMain] INFO  org.apache.coyote.http11.Http11NioProtocol - Initializing ProtocolHandler ["http-nio-8082"]
2024-12-16 12:01:10 [restartedMain] INFO  org.apache.catalina.core.StandardService - Starting service [Tomcat]
2024-12-16 12:01:10 [restartedMain] INFO  org.apache.catalina.core.StandardEngine - Starting Servlet engine: [Apache Tomcat/10.1.33]
2024-12-16 12:01:10 [restartedMain] INFO  org.apache.catalina.core.ContainerBase.[Tomcat].[localhost].[/] - Initializing Spring embedded WebApplicationContext
2024-12-16 12:01:10 [restartedMain] INFO  org.springframework.boot.web.servlet.context.ServletWebServerApplicationContext - Root WebApplicationContext: initialization completed in 5438 ms
2024-12-16 12:01:11 [restartedMain] INFO  org.hibernate.jpa.internal.util.LogHelper - HHH000204: Processing PersistenceUnitInfo [name: default]
2024-12-16 12:01:11 [restartedMain] INFO  org.hibernate.Version - HHH000412: Hibernate ORM core version 6.6.2.Final
2024-12-16 12:01:11 [restartedMain] INFO  org.hibernate.cache.internal.RegionFactoryInitiator - HHH000026: Second-level cache disabled
2024-12-16 12:01:12 [restartedMain] INFO  org.springframework.orm.jpa.persistenceunit.SpringPersistenceUnitInfo - No LoadTimeWeaver setup: ignoring JPA class transformer
2024-12-16 12:01:12 [restartedMain] INFO  com.zaxxer.hikari.HikariDataSource - HikariPool-1 - Starting...
2024-12-16 12:01:12 [restartedMain] INFO  com.zaxxer.hikari.pool.HikariPool - HikariPool-1 - Added connection com.mysql.cj.jdbc.ConnectionImpl@3126f2f7
2024-12-16 12:01:12 [restartedMain] INFO  com.zaxxer.hikari.HikariDataSource - HikariPool-1 - Start completed.
2024-12-16 12:01:12 [restartedMain] WARN  org.hibernate.orm.deprecation - HHH90000025: MySQLDialect does not need to be specified explicitly using 'hibernate.dialect' (remove the property setting and it will be selected by default)
2024-12-16 12:01:12 [restartedMain] INFO  org.hibernate.orm.connections.pooling - HHH10001005: Database info:
	Database JDBC URL [Connecting through datasource 'HikariDataSource (HikariPool-1)']
	Database driver: undefined/unknown
	Database version: 8.0.28
	Autocommit mode: undefined/unknown
	Isolation level: undefined/unknown
	Minimum pool size: undefined/unknown
	Maximum pool size: undefined/unknown
2024-12-16 12:01:15 [restartedMain] INFO  org.hibernate.engine.transaction.jta.platform.internal.JtaPlatformInitiator - HHH000489: No JTA platform available (set 'hibernate.transaction.jta.platform' to enable JTA platform integration)
2024-12-16 12:01:15 [restartedMain] INFO  org.springframework.orm.jpa.LocalContainerEntityManagerFactoryBean - Initialized JPA EntityManagerFactory for persistence unit 'default'
2024-12-16 12:01:16 [restartedMain] DEBUG org.springframework.cloud.openfeign.FeignClientFactoryBean - Creating a FeignClientFactoryBean.
2024-12-16 12:01:17 [restartedMain] WARN  org.springframework.boot.autoconfigure.orm.jpa.JpaBaseConfiguration$JpaWebConfiguration - spring.jpa.open-in-view is enabled by default. Therefore, database queries may be performed during view rendering. Explicitly configure spring.jpa.open-in-view to disable this warning
2024-12-16 12:01:17 [restartedMain] WARN  org.springframework.boot.devtools.autoconfigure.OptionalLiveReloadServer - Unable to start LiveReload server
2024-12-16 12:01:20 [restartedMain] INFO  org.springframework.cloud.commons.util.InetUtils - Cannot determine local hostname
2024-12-16 12:01:20 [restartedMain] INFO  org.apache.coyote.http11.Http11NioProtocol - Starting ProtocolHandler ["http-nio-8082"]
2024-12-16 12:01:20 [restartedMain] INFO  org.springframework.boot.web.embedded.tomcat.TomcatWebServer - Tomcat started on port 8082 (http) with context path '/'
2024-12-16 12:01:21 [restartedMain] INFO  org.springframework.cloud.commons.util.InetUtils - Cannot determine local hostname
2024-12-16 12:01:21 [restartedMain] INFO  com.tekarch.accountServiceMs.AccounrServiceMsApplication - Started AccounrServiceMsApplication in 20.134 seconds (process running for 22.736)
2024-12-16 12:10:49 [http-nio-8082-exec-2] INFO  org.apache.catalina.core.ContainerBase.[Tomcat].[localhost].[/] - Initializing Spring DispatcherServlet 'dispatcherServlet'
2024-12-16 12:10:49 [http-nio-8082-exec-2] INFO  org.springframework.web.servlet.DispatcherServlet - Initializing Servlet 'dispatcherServlet'
2024-12-16 12:10:49 [http-nio-8082-exec-2] INFO  org.springframework.web.servlet.DispatcherServlet - Completed initialization in 7 ms
2024-12-16 12:10:49 [http-nio-8082-exec-2] INFO  com.tekarch.accountServiceMs.controller.AccountController - Request received to fetch accounts for userId=2
2024-12-16 12:10:49 [http-nio-8082-exec-2] DEBUG org.hibernate.SQL - 
    /* <criteria> */ select
        a1_0.account_id,
        a1_0.account_number,
        a1_0.account_type,
        a1_0.balance,
        a1_0.created_at,
        a1_0.currency,
        a1_0.updated_at,
        a1_0.user_id 
    from
        accounts a1_0 
    where
        a1_0.user_id=?
2024-12-16 12:10:50 [http-nio-8082-exec-1] INFO  com.tekarch.accountServiceMs.controller.AccountController - Request received to fetch accounts for userId=2
2024-12-16 12:10:50 [http-nio-8082-exec-1] DEBUG org.hibernate.SQL - 
    /* <criteria> */ select
        a1_0.account_id,
        a1_0.account_number,
        a1_0.account_type,
        a1_0.balance,
        a1_0.created_at,
        a1_0.currency,
        a1_0.updated_at,
        a1_0.user_id 
    from
        accounts a1_0 
    where
        a1_0.user_id=?
2024-12-16 12:10:50 [http-nio-8082-exec-3] WARN  org.springframework.web.servlet.mvc.method.annotation.ExceptionHandlerExceptionResolver - Resolved [org.springframework.web.bind.MissingServletRequestParameterException: Required request parameter 'userId' for method parameter type Long is not present]
2024-12-16 12:16:50 [http-nio-8082-exec-4] INFO  com.tekarch.accountServiceMs.controller.AccountController - Request received to fetch accounts for userId=2
2024-12-16 12:16:50 [http-nio-8082-exec-4] DEBUG org.hibernate.SQL - 
    /* <criteria> */ select
        a1_0.account_id,
        a1_0.account_number,
        a1_0.account_type,
        a1_0.balance,
        a1_0.created_at,
        a1_0.currency,
        a1_0.updated_at,
        a1_0.user_id 
    from
        accounts a1_0 
    where
        a1_0.user_id=?
2024-12-16 12:16:50 [http-nio-8082-exec-5] INFO  com.tekarch.accountServiceMs.controller.AccountController - Request received to fetch accounts for userId=2
2024-12-16 12:16:50 [http-nio-8082-exec-5] DEBUG org.hibernate.SQL - 
    /* <criteria> */ select
        a1_0.account_id,
        a1_0.account_number,
        a1_0.account_type,
        a1_0.balance,
        a1_0.created_at,
        a1_0.currency,
        a1_0.updated_at,
        a1_0.user_id 
    from
        accounts a1_0 
    where
        a1_0.user_id=?
2024-12-16 12:16:50 [http-nio-8082-exec-6] INFO  com.tekarch.accountServiceMs.controller.AccountController - Request received to validate accountId=2 for userId=2
2024-12-16 12:16:50 [http-nio-8082-exec-6] DEBUG org.hibernate.SQL - 
    select
        a1_0.account_id,
        a1_0.account_number,
        a1_0.account_type,
        a1_0.balance,
        a1_0.created_at,
        a1_0.currency,
        a1_0.updated_at,
        a1_0.user_id 
    from
        accounts a1_0 
    where
        a1_0.account_id=?
2024-12-16 12:16:50 [http-nio-8082-exec-7] INFO  com.tekarch.accountServiceMs.controller.AccountController - Request received to validate accountId=2 for userId=2
2024-12-16 12:16:50 [http-nio-8082-exec-7] DEBUG org.hibernate.SQL - 
    select
        a1_0.account_id,
        a1_0.account_number,
        a1_0.account_type,
        a1_0.balance,
        a1_0.created_at,
        a1_0.currency,
        a1_0.updated_at,
        a1_0.user_id 
    from
        accounts a1_0 
    where
        a1_0.account_id=?
2024-12-16 12:16:51 [http-nio-8082-exec-8] WARN  org.springframework.web.servlet.mvc.method.annotation.ExceptionHandlerExceptionResolver - Resolved [org.springframework.web.servlet.resource.NoResourceFoundException: No static resource accounts/2/limits.]
2024-12-16 12:36:33 [http-nio-8082-exec-9] INFO  com.tekarch.accountServiceMs.controller.AccountController - Request received to fetch accounts for userId=2
2024-12-16 12:36:33 [http-nio-8082-exec-9] DEBUG org.hibernate.SQL - 
    /* <criteria> */ select
        a1_0.account_id,
        a1_0.account_number,
        a1_0.account_type,
        a1_0.balance,
        a1_0.created_at,
        a1_0.currency,
        a1_0.updated_at,
        a1_0.user_id 
    from
        accounts a1_0 
    where
        a1_0.user_id=?
2024-12-16 12:36:33 [http-nio-8082-exec-10] INFO  com.tekarch.accountServiceMs.controller.AccountController - Request received to fetch accounts for userId=2
2024-12-16 12:36:33 [http-nio-8082-exec-10] DEBUG org.hibernate.SQL - 
    /* <criteria> */ select
        a1_0.account_id,
        a1_0.account_number,
        a1_0.account_type,
        a1_0.balance,
        a1_0.created_at,
        a1_0.currency,
        a1_0.updated_at,
        a1_0.user_id 
    from
        accounts a1_0 
    where
        a1_0.user_id=?
2024-12-16 12:36:33 [http-nio-8082-exec-2] WARN  org.springframework.web.servlet.mvc.method.annotation.ExceptionHandlerExceptionResolver - Resolved [org.springframework.web.servlet.resource.NoResourceFoundException: No static resource accounts/2/limits.]
2024-12-16 13:24:16 [restartedMain] INFO  com.tekarch.accountServiceMs.AccounrServiceMsApplication - Starting AccounrServiceMsApplication using Java 17.0.11 with PID 24420 (C:\Users\agmarc80\IdeaProjects\TekDevProjects\AccounrServiceMs\build\classes\java\main started by agmarc80 in C:\Users\agmarc80\IdeaProjects\TekDevProjects\AccounrServiceMs)
2024-12-16 13:24:16 [restartedMain] INFO  com.tekarch.accountServiceMs.AccounrServiceMsApplication - No active profile set, falling back to 1 default profile: "default"
2024-12-16 13:24:17 [restartedMain] INFO  org.springframework.boot.devtools.env.DevToolsPropertyDefaultsPostProcessor - Devtools property defaults active! Set 'spring.devtools.add-properties' to 'false' to disable
2024-12-16 13:24:17 [restartedMain] INFO  org.springframework.boot.devtools.env.DevToolsPropertyDefaultsPostProcessor - For additional web related logging consider setting the 'logging.level.web' property to 'DEBUG'
2024-12-16 13:24:18 [restartedMain] DEBUG org.springframework.cloud.openfeign.FeignClientsRegistrar$1 - Identified candidate component class: file [C:\Users\agmarc80\IdeaProjects\TekDevProjects\AccounrServiceMs\build\classes\java\main\com\tekarch\accountServiceMs\client\UserServiceClient.class]
2024-12-16 13:24:19 [restartedMain] INFO  org.springframework.data.repository.config.RepositoryConfigurationDelegate - Bootstrapping Spring Data JPA repositories in DEFAULT mode.
2024-12-16 13:24:19 [restartedMain] INFO  org.springframework.data.repository.config.RepositoryConfigurationDelegate - Finished Spring Data repository scanning in 152 ms. Found 1 JPA repository interface.
2024-12-16 13:24:20 [restartedMain] INFO  org.springframework.cloud.context.scope.GenericScope - BeanFactory id=2f22a13c-3e28-3cb2-b9c8-cfe9cedf4162
2024-12-16 13:24:21 [restartedMain] INFO  org.springframework.boot.web.embedded.tomcat.TomcatWebServer - Tomcat initialized with port 8082 (http)
2024-12-16 13:24:21 [restartedMain] INFO  org.apache.coyote.http11.Http11NioProtocol - Initializing ProtocolHandler ["http-nio-8082"]
2024-12-16 13:24:21 [restartedMain] INFO  org.apache.catalina.core.StandardService - Starting service [Tomcat]
2024-12-16 13:24:21 [restartedMain] INFO  org.apache.catalina.core.StandardEngine - Starting Servlet engine: [Apache Tomcat/10.1.33]
2024-12-16 13:24:21 [restartedMain] INFO  org.apache.catalina.core.ContainerBase.[Tomcat].[localhost].[/] - Initializing Spring embedded WebApplicationContext
2024-12-16 13:24:21 [restartedMain] INFO  org.springframework.boot.web.servlet.context.ServletWebServerApplicationContext - Root WebApplicationContext: initialization completed in 4788 ms
2024-12-16 13:24:22 [restartedMain] INFO  org.hibernate.jpa.internal.util.LogHelper - HHH000204: Processing PersistenceUnitInfo [name: default]
2024-12-16 13:24:22 [restartedMain] INFO  org.hibernate.Version - HHH000412: Hibernate ORM core version 6.6.2.Final
2024-12-16 13:24:22 [restartedMain] INFO  org.hibernate.cache.internal.RegionFactoryInitiator - HHH000026: Second-level cache disabled
2024-12-16 13:24:23 [restartedMain] INFO  org.springframework.orm.jpa.persistenceunit.SpringPersistenceUnitInfo - No LoadTimeWeaver setup: ignoring JPA class transformer
2024-12-16 13:24:23 [restartedMain] INFO  com.zaxxer.hikari.HikariDataSource - HikariPool-1 - Starting...
2024-12-16 13:24:24 [restartedMain] INFO  com.zaxxer.hikari.pool.HikariPool - HikariPool-1 - Added connection com.mysql.cj.jdbc.ConnectionImpl@6f90682a
2024-12-16 13:24:24 [restartedMain] INFO  com.zaxxer.hikari.HikariDataSource - HikariPool-1 - Start completed.
2024-12-16 13:24:24 [restartedMain] WARN  org.hibernate.orm.deprecation - HHH90000025: MySQLDialect does not need to be specified explicitly using 'hibernate.dialect' (remove the property setting and it will be selected by default)
2024-12-16 13:24:24 [restartedMain] INFO  org.hibernate.orm.connections.pooling - HHH10001005: Database info:
	Database JDBC URL [Connecting through datasource 'HikariDataSource (HikariPool-1)']
	Database driver: undefined/unknown
	Database version: 8.0.28
	Autocommit mode: undefined/unknown
	Isolation level: undefined/unknown
	Minimum pool size: undefined/unknown
	Maximum pool size: undefined/unknown
2024-12-16 13:24:27 [restartedMain] INFO  org.hibernate.engine.transaction.jta.platform.internal.JtaPlatformInitiator - HHH000489: No JTA platform available (set 'hibernate.transaction.jta.platform' to enable JTA platform integration)
2024-12-16 13:24:27 [restartedMain] INFO  org.springframework.orm.jpa.LocalContainerEntityManagerFactoryBean - Initialized JPA EntityManagerFactory for persistence unit 'default'
2024-12-16 13:24:28 [restartedMain] DEBUG org.springframework.cloud.openfeign.FeignClientFactoryBean - Creating a FeignClientFactoryBean.
2024-12-16 13:24:29 [restartedMain] WARN  org.springframework.boot.autoconfigure.orm.jpa.JpaBaseConfiguration$JpaWebConfiguration - spring.jpa.open-in-view is enabled by default. Therefore, database queries may be performed during view rendering. Explicitly configure spring.jpa.open-in-view to disable this warning
2024-12-16 13:24:29 [restartedMain] WARN  org.springframework.boot.devtools.autoconfigure.OptionalLiveReloadServer - Unable to start LiveReload server
2024-12-16 13:24:31 [restartedMain] INFO  org.springframework.cloud.commons.util.InetUtils - Cannot determine local hostname
2024-12-16 13:24:31 [restartedMain] INFO  org.apache.coyote.http11.Http11NioProtocol - Starting ProtocolHandler ["http-nio-8082"]
2024-12-16 13:24:31 [restartedMain] INFO  org.springframework.boot.web.embedded.tomcat.TomcatWebServer - Tomcat started on port 8082 (http) with context path '/'
2024-12-16 13:24:33 [restartedMain] INFO  org.springframework.cloud.commons.util.InetUtils - Cannot determine local hostname
2024-12-16 13:24:33 [restartedMain] INFO  com.tekarch.accountServiceMs.AccounrServiceMsApplication - Started AccounrServiceMsApplication in 20.43 seconds (process running for 24.099)
2024-12-16 13:30:05 [http-nio-8082-exec-1] INFO  org.apache.catalina.core.ContainerBase.[Tomcat].[localhost].[/] - Initializing Spring DispatcherServlet 'dispatcherServlet'
2024-12-16 13:30:05 [http-nio-8082-exec-1] INFO  org.springframework.web.servlet.DispatcherServlet - Initializing Servlet 'dispatcherServlet'
2024-12-16 13:30:05 [http-nio-8082-exec-1] INFO  org.springframework.web.servlet.DispatcherServlet - Completed initialization in 0 ms
2024-12-16 13:30:05 [http-nio-8082-exec-1] INFO  com.tekarch.accountServiceMs.controller.AccountController - Request received to fetch accounts for userId=2
2024-12-16 13:30:06 [http-nio-8082-exec-1] DEBUG org.hibernate.SQL - 
    /* <criteria> */ select
        a1_0.account_id,
        a1_0.account_number,
        a1_0.account_type,
        a1_0.balance,
        a1_0.created_at,
        a1_0.currency,
        a1_0.updated_at,
        a1_0.user_id 
    from
        accounts a1_0 
    where
        a1_0.user_id=?
2024-12-16 13:30:07 [http-nio-8082-exec-2] INFO  com.tekarch.accountServiceMs.controller.AccountController - Request received to fetch accounts for userId=2
2024-12-16 13:30:07 [http-nio-8082-exec-2] DEBUG org.hibernate.SQL - 
    /* <criteria> */ select
        a1_0.account_id,
        a1_0.account_number,
        a1_0.account_type,
        a1_0.balance,
        a1_0.created_at,
        a1_0.currency,
        a1_0.updated_at,
        a1_0.user_id 
    from
        accounts a1_0 
    where
        a1_0.user_id=?
2024-12-16 13:30:07 [http-nio-8082-exec-3] INFO  com.tekarch.accountServiceMs.controller.AccountController - Request received to fetch transaction limits for accountId=2
2024-12-16 13:30:23 [http-nio-8082-exec-4] INFO  com.tekarch.accountServiceMs.controller.AccountController - Request received to fetch accounts for userId=2
2024-12-16 13:30:23 [http-nio-8082-exec-4] DEBUG org.hibernate.SQL - 
    /* <criteria> */ select
        a1_0.account_id,
        a1_0.account_number,
        a1_0.account_type,
        a1_0.balance,
        a1_0.created_at,
        a1_0.currency,
        a1_0.updated_at,
        a1_0.user_id 
    from
        accounts a1_0 
    where
        a1_0.user_id=?
2024-12-16 13:30:23 [http-nio-8082-exec-5] INFO  com.tekarch.accountServiceMs.controller.AccountController - Request received to fetch accounts for userId=2
2024-12-16 13:30:23 [http-nio-8082-exec-5] DEBUG org.hibernate.SQL - 
    /* <criteria> */ select
        a1_0.account_id,
        a1_0.account_number,
        a1_0.account_type,
        a1_0.balance,
        a1_0.created_at,
        a1_0.currency,
        a1_0.updated_at,
        a1_0.user_id 
    from
        accounts a1_0 
    where
        a1_0.user_id=?
2024-12-16 13:30:23 [http-nio-8082-exec-6] INFO  com.tekarch.accountServiceMs.controller.AccountController - Request received to fetch transaction limits for accountId=2
2024-12-16 13:30:30 [http-nio-8082-exec-7] INFO  com.tekarch.accountServiceMs.controller.AccountController - Request received to fetch accounts for userId=2
2024-12-16 13:30:30 [http-nio-8082-exec-7] DEBUG org.hibernate.SQL - 
    /* <criteria> */ select
        a1_0.account_id,
        a1_0.account_number,
        a1_0.account_type,
        a1_0.balance,
        a1_0.created_at,
        a1_0.currency,
        a1_0.updated_at,
        a1_0.user_id 
    from
        accounts a1_0 
    where
        a1_0.user_id=?
2024-12-16 13:30:31 [http-nio-8082-exec-8] INFO  com.tekarch.accountServiceMs.controller.AccountController - Request received to fetch accounts for userId=2
2024-12-16 13:30:31 [http-nio-8082-exec-8] DEBUG org.hibernate.SQL - 
    /* <criteria> */ select
        a1_0.account_id,
        a1_0.account_number,
        a1_0.account_type,
        a1_0.balance,
        a1_0.created_at,
        a1_0.currency,
        a1_0.updated_at,
        a1_0.user_id 
    from
        accounts a1_0 
    where
        a1_0.user_id=?
2024-12-16 13:30:31 [http-nio-8082-exec-9] INFO  com.tekarch.accountServiceMs.controller.AccountController - Request received to fetch transaction limits for accountId=2
2024-12-16 13:32:39 [http-nio-8082-exec-1] INFO  com.tekarch.accountServiceMs.controller.AccountController - Request received to fetch accounts for userId=1
2024-12-16 13:32:39 [http-nio-8082-exec-1] DEBUG org.hibernate.SQL - 
    /* <criteria> */ select
        a1_0.account_id,
        a1_0.account_number,
        a1_0.account_type,
        a1_0.balance,
        a1_0.created_at,
        a1_0.currency,
        a1_0.updated_at,
        a1_0.user_id 
    from
        accounts a1_0 
    where
        a1_0.user_id=?
2024-12-16 13:32:39 [http-nio-8082-exec-2] INFO  com.tekarch.accountServiceMs.controller.AccountController - Request received to fetch accounts for userId=1
2024-12-16 13:32:39 [http-nio-8082-exec-2] DEBUG org.hibernate.SQL - 
    /* <criteria> */ select
        a1_0.account_id,
        a1_0.account_number,
        a1_0.account_type,
        a1_0.balance,
        a1_0.created_at,
        a1_0.currency,
        a1_0.updated_at,
        a1_0.user_id 
    from
        accounts a1_0 
    where
        a1_0.user_id=?
2024-12-16 13:32:39 [http-nio-8082-exec-3] INFO  com.tekarch.accountServiceMs.controller.AccountController - Request received to fetch transaction limits for accountId=1
2024-12-16 13:35:03 [http-nio-8082-exec-5] INFO  com.tekarch.accountServiceMs.controller.AccountController - Request received to fetch accounts for userId=1
2024-12-16 13:35:03 [http-nio-8082-exec-5] DEBUG org.hibernate.SQL - 
    /* <criteria> */ select
        a1_0.account_id,
        a1_0.account_number,
        a1_0.account_type,
        a1_0.balance,
        a1_0.created_at,
        a1_0.currency,
        a1_0.updated_at,
        a1_0.user_id 
    from
        accounts a1_0 
    where
        a1_0.user_id=?
2024-12-16 13:35:03 [http-nio-8082-exec-6] INFO  com.tekarch.accountServiceMs.controller.AccountController - Request received to fetch accounts for userId=1
2024-12-16 13:35:03 [http-nio-8082-exec-6] DEBUG org.hibernate.SQL - 
    /* <criteria> */ select
        a1_0.account_id,
        a1_0.account_number,
        a1_0.account_type,
        a1_0.balance,
        a1_0.created_at,
        a1_0.currency,
        a1_0.updated_at,
        a1_0.user_id 
    from
        accounts a1_0 
    where
        a1_0.user_id=?
2024-12-16 13:35:03 [http-nio-8082-exec-7] INFO  com.tekarch.accountServiceMs.controller.AccountController - Request received to fetch transaction limits for accountId=1
2024-12-16 13:58:51 [http-nio-8082-exec-9] INFO  com.tekarch.accountServiceMs.controller.AccountController - Request received to fetch accounts for userId=1
2024-12-16 13:58:51 [http-nio-8082-exec-9] DEBUG org.hibernate.SQL - 
    /* <criteria> */ select
        a1_0.account_id,
        a1_0.account_number,
        a1_0.account_type,
        a1_0.balance,
        a1_0.created_at,
        a1_0.currency,
        a1_0.updated_at,
        a1_0.user_id 
    from
        accounts a1_0 
    where
        a1_0.user_id=?
2024-12-16 13:58:51 [http-nio-8082-exec-10] INFO  com.tekarch.accountServiceMs.controller.AccountController - Request received to fetch accounts for userId=1
2024-12-16 13:58:51 [http-nio-8082-exec-10] DEBUG org.hibernate.SQL - 
    /* <criteria> */ select
        a1_0.account_id,
        a1_0.account_number,
        a1_0.account_type,
        a1_0.balance,
        a1_0.created_at,
        a1_0.currency,
        a1_0.updated_at,
        a1_0.user_id 
    from
        accounts a1_0 
    where
        a1_0.user_id=?
2024-12-16 13:58:51 [http-nio-8082-exec-1] INFO  com.tekarch.accountServiceMs.controller.AccountController - Request received to fetch transaction limits for accountId=1
2024-12-16 14:10:40 [http-nio-8082-exec-3] INFO  com.tekarch.accountServiceMs.controller.AccountController - Request received to fetch accounts for userId=1
2024-12-16 14:10:40 [http-nio-8082-exec-3] DEBUG org.hibernate.SQL - 
    /* <criteria> */ select
        a1_0.account_id,
        a1_0.account_number,
        a1_0.account_type,
        a1_0.balance,
        a1_0.created_at,
        a1_0.currency,
        a1_0.updated_at,
        a1_0.user_id 
    from
        accounts a1_0 
    where
        a1_0.user_id=?
2024-12-16 14:10:40 [http-nio-8082-exec-4] INFO  com.tekarch.accountServiceMs.controller.AccountController - Request received to fetch accounts for userId=1
2024-12-16 14:10:40 [http-nio-8082-exec-4] DEBUG org.hibernate.SQL - 
    /* <criteria> */ select
        a1_0.account_id,
        a1_0.account_number,
        a1_0.account_type,
        a1_0.balance,
        a1_0.created_at,
        a1_0.currency,
        a1_0.updated_at,
        a1_0.user_id 
    from
        accounts a1_0 
    where
        a1_0.user_id=?
2024-12-16 14:10:40 [http-nio-8082-exec-5] INFO  com.tekarch.accountServiceMs.controller.AccountController - Request received to fetch transaction limits for accountId=1
2024-12-16 16:01:03 [HikariPool-1 housekeeper] WARN  com.zaxxer.hikari.pool.HikariPool - HikariPool-1 - Thread starvation or clock leap detected (housekeeper delta=1h29m37s979ms621µs300ns).
2024-12-16 16:05:52 [http-nio-8082-exec-7] INFO  com.tekarch.accountServiceMs.controller.AccountController - Request received to fetch accounts for userId=1
2024-12-16 16:05:52 [http-nio-8082-exec-7] DEBUG org.hibernate.SQL - 
    /* <criteria> */ select
        a1_0.account_id,
        a1_0.account_number,
        a1_0.account_type,
        a1_0.balance,
        a1_0.created_at,
        a1_0.currency,
        a1_0.updated_at,
        a1_0.user_id 
    from
        accounts a1_0 
    where
        a1_0.user_id=?
2024-12-16 16:05:52 [http-nio-8082-exec-8] INFO  com.tekarch.accountServiceMs.controller.AccountController - Request received to fetch accounts for userId=1
2024-12-16 16:05:52 [http-nio-8082-exec-8] DEBUG org.hibernate.SQL - 
    /* <criteria> */ select
        a1_0.account_id,
        a1_0.account_number,
        a1_0.account_type,
        a1_0.balance,
        a1_0.created_at,
        a1_0.currency,
        a1_0.updated_at,
        a1_0.user_id 
    from
        accounts a1_0 
    where
        a1_0.user_id=?
2024-12-16 16:05:52 [http-nio-8082-exec-9] INFO  com.tekarch.accountServiceMs.controller.AccountController - Request received to fetch transaction limits for accountId=1
2024-12-16 16:08:49 [http-nio-8082-exec-1] INFO  com.tekarch.accountServiceMs.controller.AccountController - Request received to fetch accounts for userId=1
2024-12-16 16:08:49 [http-nio-8082-exec-1] DEBUG org.hibernate.SQL - 
    /* <criteria> */ select
        a1_0.account_id,
        a1_0.account_number,
        a1_0.account_type,
        a1_0.balance,
        a1_0.created_at,
        a1_0.currency,
        a1_0.updated_at,
        a1_0.user_id 
    from
        accounts a1_0 
    where
        a1_0.user_id=?
2024-12-16 16:08:49 [http-nio-8082-exec-2] INFO  com.tekarch.accountServiceMs.controller.AccountController - Request received to fetch accounts for userId=1
2024-12-16 16:08:49 [http-nio-8082-exec-2] DEBUG org.hibernate.SQL - 
    /* <criteria> */ select
        a1_0.account_id,
        a1_0.account_number,
        a1_0.account_type,
        a1_0.balance,
        a1_0.created_at,
        a1_0.currency,
        a1_0.updated_at,
        a1_0.user_id 
    from
        accounts a1_0 
    where
        a1_0.user_id=?
2024-12-16 16:08:49 [http-nio-8082-exec-3] INFO  com.tekarch.accountServiceMs.controller.AccountController - Request received to fetch transaction limits for accountId=1
2024-12-16 16:09:01 [http-nio-8082-exec-4] INFO  com.tekarch.accountServiceMs.controller.AccountController - Request received to fetch accounts for userId=1
2024-12-16 16:09:01 [http-nio-8082-exec-4] DEBUG org.hibernate.SQL - 
    /* <criteria> */ select
        a1_0.account_id,
        a1_0.account_number,
        a1_0.account_type,
        a1_0.balance,
        a1_0.created_at,
        a1_0.currency,
        a1_0.updated_at,
        a1_0.user_id 
    from
        accounts a1_0 
    where
        a1_0.user_id=?
2024-12-16 16:09:01 [http-nio-8082-exec-5] INFO  com.tekarch.accountServiceMs.controller.AccountController - Request received to fetch accounts for userId=1
2024-12-16 16:09:01 [http-nio-8082-exec-5] DEBUG org.hibernate.SQL - 
    /* <criteria> */ select
        a1_0.account_id,
        a1_0.account_number,
        a1_0.account_type,
        a1_0.balance,
        a1_0.created_at,
        a1_0.currency,
        a1_0.updated_at,
        a1_0.user_id 
    from
        accounts a1_0 
    where
        a1_0.user_id=?
2024-12-16 16:09:01 [http-nio-8082-exec-6] INFO  com.tekarch.accountServiceMs.controller.AccountController - Request received to fetch transaction limits for accountId=1
2024-12-16 16:09:27 [http-nio-8082-exec-7] INFO  com.tekarch.accountServiceMs.controller.AccountController - Request received to fetch accounts for userId=1
2024-12-16 16:09:27 [http-nio-8082-exec-7] DEBUG org.hibernate.SQL - 
    /* <criteria> */ select
        a1_0.account_id,
        a1_0.account_number,
        a1_0.account_type,
        a1_0.balance,
        a1_0.created_at,
        a1_0.currency,
        a1_0.updated_at,
        a1_0.user_id 
    from
        accounts a1_0 
    where
        a1_0.user_id=?
2024-12-16 16:09:27 [http-nio-8082-exec-8] INFO  com.tekarch.accountServiceMs.controller.AccountController - Request received to fetch accounts for userId=1
2024-12-16 16:09:27 [http-nio-8082-exec-8] DEBUG org.hibernate.SQL - 
    /* <criteria> */ select
        a1_0.account_id,
        a1_0.account_number,
        a1_0.account_type,
        a1_0.balance,
        a1_0.created_at,
        a1_0.currency,
        a1_0.updated_at,
        a1_0.user_id 
    from
        accounts a1_0 
    where
        a1_0.user_id=?
2024-12-16 16:09:27 [http-nio-8082-exec-9] INFO  com.tekarch.accountServiceMs.controller.AccountController - Request received to fetch transaction limits for accountId=1
2024-12-16 16:09:44 [http-nio-8082-exec-10] INFO  com.tekarch.accountServiceMs.controller.AccountController - Request received to fetch accounts for userId=1
2024-12-16 16:09:44 [http-nio-8082-exec-10] DEBUG org.hibernate.SQL - 
    /* <criteria> */ select
        a1_0.account_id,
        a1_0.account_number,
        a1_0.account_type,
        a1_0.balance,
        a1_0.created_at,
        a1_0.currency,
        a1_0.updated_at,
        a1_0.user_id 
    from
        accounts a1_0 
    where
        a1_0.user_id=?
2024-12-16 16:09:44 [http-nio-8082-exec-1] INFO  com.tekarch.accountServiceMs.controller.AccountController - Request received to fetch accounts for userId=1
2024-12-16 16:09:44 [http-nio-8082-exec-1] DEBUG org.hibernate.SQL - 
    /* <criteria> */ select
        a1_0.account_id,
        a1_0.account_number,
        a1_0.account_type,
        a1_0.balance,
        a1_0.created_at,
        a1_0.currency,
        a1_0.updated_at,
        a1_0.user_id 
    from
        accounts a1_0 
    where
        a1_0.user_id=?
2024-12-16 16:09:44 [http-nio-8082-exec-2] INFO  com.tekarch.accountServiceMs.controller.AccountController - Request received to fetch transaction limits for accountId=1
2024-12-16 16:10:13 [http-nio-8082-exec-3] INFO  com.tekarch.accountServiceMs.controller.AccountController - Request received to fetch accounts for userId=1
2024-12-16 16:10:13 [http-nio-8082-exec-3] DEBUG org.hibernate.SQL - 
    /* <criteria> */ select
        a1_0.account_id,
        a1_0.account_number,
        a1_0.account_type,
        a1_0.balance,
        a1_0.created_at,
        a1_0.currency,
        a1_0.updated_at,
        a1_0.user_id 
    from
        accounts a1_0 
    where
        a1_0.user_id=?
2024-12-16 16:10:13 [http-nio-8082-exec-4] INFO  com.tekarch.accountServiceMs.controller.AccountController - Request received to fetch accounts for userId=1
2024-12-16 16:10:13 [http-nio-8082-exec-4] DEBUG org.hibernate.SQL - 
    /* <criteria> */ select
        a1_0.account_id,
        a1_0.account_number,
        a1_0.account_type,
        a1_0.balance,
        a1_0.created_at,
        a1_0.currency,
        a1_0.updated_at,
        a1_0.user_id 
    from
        accounts a1_0 
    where
        a1_0.user_id=?
2024-12-16 16:10:13 [http-nio-8082-exec-5] INFO  com.tekarch.accountServiceMs.controller.AccountController - Request received to fetch transaction limits for accountId=1
2024-12-16 16:20:49 [restartedMain] INFO  com.tekarch.accountServiceMs.AccounrServiceMsApplication - Starting AccounrServiceMsApplication using Java 17.0.11 with PID 29156 (C:\Users\agmarc80\IdeaProjects\TekDevProjects\AccounrServiceMs\build\classes\java\main started by agmarc80 in C:\Users\agmarc80\IdeaProjects\TekDevProjects\AccounrServiceMs)
2024-12-16 16:20:49 [restartedMain] INFO  com.tekarch.accountServiceMs.AccounrServiceMsApplication - No active profile set, falling back to 1 default profile: "default"
2024-12-16 16:20:49 [restartedMain] INFO  org.springframework.boot.devtools.env.DevToolsPropertyDefaultsPostProcessor - Devtools property defaults active! Set 'spring.devtools.add-properties' to 'false' to disable
2024-12-16 16:20:49 [restartedMain] INFO  org.springframework.boot.devtools.env.DevToolsPropertyDefaultsPostProcessor - For additional web related logging consider setting the 'logging.level.web' property to 'DEBUG'
2024-12-16 16:20:50 [restartedMain] DEBUG org.springframework.cloud.openfeign.FeignClientsRegistrar$1 - Identified candidate component class: file [C:\Users\agmarc80\IdeaProjects\TekDevProjects\AccounrServiceMs\build\classes\java\main\com\tekarch\accountServiceMs\client\UserServiceClient.class]
2024-12-16 16:20:51 [restartedMain] INFO  org.springframework.data.repository.config.RepositoryConfigurationDelegate - Bootstrapping Spring Data JPA repositories in DEFAULT mode.
2024-12-16 16:20:51 [restartedMain] INFO  org.springframework.data.repository.config.RepositoryConfigurationDelegate - Finished Spring Data repository scanning in 157 ms. Found 1 JPA repository interface.
2024-12-16 16:20:52 [restartedMain] INFO  org.springframework.cloud.context.scope.GenericScope - BeanFactory id=2f22a13c-3e28-3cb2-b9c8-cfe9cedf4162
2024-12-16 16:20:54 [restartedMain] INFO  org.springframework.boot.web.embedded.tomcat.TomcatWebServer - Tomcat initialized with port 8082 (http)
2024-12-16 16:20:54 [restartedMain] INFO  org.apache.coyote.http11.Http11NioProtocol - Initializing ProtocolHandler ["http-nio-8082"]
2024-12-16 16:20:54 [restartedMain] INFO  org.apache.catalina.core.StandardService - Starting service [Tomcat]
2024-12-16 16:20:54 [restartedMain] INFO  org.apache.catalina.core.StandardEngine - Starting Servlet engine: [Apache Tomcat/10.1.33]
2024-12-16 16:20:54 [restartedMain] INFO  org.apache.catalina.core.ContainerBase.[Tomcat].[localhost].[/] - Initializing Spring embedded WebApplicationContext
2024-12-16 16:20:54 [restartedMain] INFO  org.springframework.boot.web.servlet.context.ServletWebServerApplicationContext - Root WebApplicationContext: initialization completed in 5604 ms
2024-12-16 16:20:55 [restartedMain] INFO  org.hibernate.jpa.internal.util.LogHelper - HHH000204: Processing PersistenceUnitInfo [name: default]
2024-12-16 16:20:55 [restartedMain] INFO  org.hibernate.Version - HHH000412: Hibernate ORM core version 6.6.2.Final
2024-12-16 16:20:56 [restartedMain] INFO  org.hibernate.cache.internal.RegionFactoryInitiator - HHH000026: Second-level cache disabled
2024-12-16 16:20:57 [restartedMain] INFO  org.springframework.orm.jpa.persistenceunit.SpringPersistenceUnitInfo - No LoadTimeWeaver setup: ignoring JPA class transformer
2024-12-16 16:20:57 [restartedMain] INFO  com.zaxxer.hikari.HikariDataSource - HikariPool-1 - Starting...
2024-12-16 16:20:57 [restartedMain] INFO  com.zaxxer.hikari.pool.HikariPool - HikariPool-1 - Added connection com.mysql.cj.jdbc.ConnectionImpl@21348f49
2024-12-16 16:20:57 [restartedMain] INFO  com.zaxxer.hikari.HikariDataSource - HikariPool-1 - Start completed.
2024-12-16 16:20:58 [restartedMain] WARN  org.hibernate.orm.deprecation - HHH90000025: MySQLDialect does not need to be specified explicitly using 'hibernate.dialect' (remove the property setting and it will be selected by default)
2024-12-16 16:20:58 [restartedMain] INFO  org.hibernate.orm.connections.pooling - HHH10001005: Database info:
	Database JDBC URL [Connecting through datasource 'HikariDataSource (HikariPool-1)']
	Database driver: undefined/unknown
	Database version: 8.0.28
	Autocommit mode: undefined/unknown
	Isolation level: undefined/unknown
	Minimum pool size: undefined/unknown
	Maximum pool size: undefined/unknown
2024-12-16 16:21:00 [restartedMain] INFO  org.hibernate.engine.transaction.jta.platform.internal.JtaPlatformInitiator - HHH000489: No JTA platform available (set 'hibernate.transaction.jta.platform' to enable JTA platform integration)
2024-12-16 16:21:00 [restartedMain] INFO  org.springframework.orm.jpa.LocalContainerEntityManagerFactoryBean - Initialized JPA EntityManagerFactory for persistence unit 'default'
2024-12-16 16:21:01 [restartedMain] DEBUG org.springframework.cloud.openfeign.FeignClientFactoryBean - Creating a FeignClientFactoryBean.
2024-12-16 16:21:02 [restartedMain] WARN  org.springframework.boot.autoconfigure.orm.jpa.JpaBaseConfiguration$JpaWebConfiguration - spring.jpa.open-in-view is enabled by default. Therefore, database queries may be performed during view rendering. Explicitly configure spring.jpa.open-in-view to disable this warning
2024-12-16 16:21:02 [restartedMain] WARN  org.springframework.boot.devtools.autoconfigure.OptionalLiveReloadServer - Unable to start LiveReload server
2024-12-16 16:21:06 [restartedMain] INFO  org.springframework.cloud.commons.util.InetUtils - Cannot determine local hostname
2024-12-16 16:21:06 [restartedMain] INFO  org.apache.coyote.http11.Http11NioProtocol - Starting ProtocolHandler ["http-nio-8082"]
2024-12-16 16:21:06 [restartedMain] INFO  org.springframework.boot.web.embedded.tomcat.TomcatWebServer - Tomcat started on port 8082 (http) with context path '/'
2024-12-16 16:21:08 [restartedMain] INFO  org.springframework.cloud.commons.util.InetUtils - Cannot determine local hostname
2024-12-16 16:21:08 [restartedMain] INFO  com.tekarch.accountServiceMs.AccounrServiceMsApplication - Started AccounrServiceMsApplication in 23.133 seconds (process running for 30.626)
2024-12-16 16:23:41 [http-nio-8082-exec-1] INFO  org.apache.catalina.core.ContainerBase.[Tomcat].[localhost].[/] - Initializing Spring DispatcherServlet 'dispatcherServlet'
2024-12-16 16:23:41 [http-nio-8082-exec-1] INFO  org.springframework.web.servlet.DispatcherServlet - Initializing Servlet 'dispatcherServlet'
2024-12-16 16:23:41 [http-nio-8082-exec-1] INFO  org.springframework.web.servlet.DispatcherServlet - Completed initialization in 0 ms
2024-12-16 16:23:41 [http-nio-8082-exec-1] INFO  com.tekarch.accountServiceMs.controller.AccountController - Request received to fetch accounts for userId=1
2024-12-16 16:23:41 [http-nio-8082-exec-1] DEBUG org.hibernate.SQL - 
    /* <criteria> */ select
        a1_0.account_id,
        a1_0.account_number,
        a1_0.account_type,
        a1_0.balance,
        a1_0.created_at,
        a1_0.currency,
        a1_0.updated_at,
        a1_0.user_id 
    from
        accounts a1_0 
    where
        a1_0.user_id=?
2024-12-16 16:23:42 [http-nio-8082-exec-3] INFO  com.tekarch.accountServiceMs.controller.AccountController - Request received to fetch accounts for userId=1
2024-12-16 16:23:42 [http-nio-8082-exec-3] DEBUG org.hibernate.SQL - 
    /* <criteria> */ select
        a1_0.account_id,
        a1_0.account_number,
        a1_0.account_type,
        a1_0.balance,
        a1_0.created_at,
        a1_0.currency,
        a1_0.updated_at,
        a1_0.user_id 
    from
        accounts a1_0 
    where
        a1_0.user_id=?
2024-12-16 16:23:42 [http-nio-8082-exec-2] INFO  com.tekarch.accountServiceMs.controller.AccountController - Request received to fetch transaction limits for accountId=1
2024-12-16 16:25:28 [http-nio-8082-exec-7] INFO  com.tekarch.accountServiceMs.controller.AccountController - Request received to fetch accounts for userId=1
2024-12-16 16:25:28 [http-nio-8082-exec-7] DEBUG org.hibernate.SQL - 
    /* <criteria> */ select
        a1_0.account_id,
        a1_0.account_number,
        a1_0.account_type,
        a1_0.balance,
        a1_0.created_at,
        a1_0.currency,
        a1_0.updated_at,
        a1_0.user_id 
    from
        accounts a1_0 
    where
        a1_0.user_id=?
2024-12-16 16:25:28 [http-nio-8082-exec-8] INFO  com.tekarch.accountServiceMs.controller.AccountController - Request received to fetch accounts for userId=1
2024-12-16 16:25:28 [http-nio-8082-exec-8] DEBUG org.hibernate.SQL - 
    /* <criteria> */ select
        a1_0.account_id,
        a1_0.account_number,
        a1_0.account_type,
        a1_0.balance,
        a1_0.created_at,
        a1_0.currency,
        a1_0.updated_at,
        a1_0.user_id 
    from
        accounts a1_0 
    where
        a1_0.user_id=?
2024-12-16 16:25:28 [http-nio-8082-exec-5] INFO  com.tekarch.accountServiceMs.controller.AccountController - Request received to fetch transaction limits for accountId=1
2024-12-16 16:44:54 [http-nio-8082-exec-9] INFO  com.tekarch.accountServiceMs.controller.AccountController - Request received to fetch accounts for userId=1
2024-12-16 16:44:54 [http-nio-8082-exec-9] DEBUG org.hibernate.SQL - 
    /* <criteria> */ select
        a1_0.account_id,
        a1_0.account_number,
        a1_0.account_type,
        a1_0.balance,
        a1_0.created_at,
        a1_0.currency,
        a1_0.updated_at,
        a1_0.user_id 
    from
        accounts a1_0 
    where
        a1_0.user_id=?
2024-12-16 16:44:54 [http-nio-8082-exec-10] INFO  com.tekarch.accountServiceMs.controller.AccountController - Request received to fetch accounts for userId=1
2024-12-16 16:44:54 [http-nio-8082-exec-10] DEBUG org.hibernate.SQL - 
    /* <criteria> */ select
        a1_0.account_id,
        a1_0.account_number,
        a1_0.account_type,
        a1_0.balance,
        a1_0.created_at,
        a1_0.currency,
        a1_0.updated_at,
        a1_0.user_id 
    from
        accounts a1_0 
    where
        a1_0.user_id=?
2024-12-16 16:44:55 [http-nio-8082-exec-1] INFO  com.tekarch.accountServiceMs.controller.AccountController - Request received to fetch transaction limits for accountId=1
2024-12-16 16:54:39 [http-nio-8082-exec-2] INFO  com.tekarch.accountServiceMs.controller.AccountController - Request received to fetch transaction limits for accountId=2
2024-12-16 17:04:07 [http-nio-8082-exec-8] INFO  com.tekarch.accountServiceMs.controller.AccountController - Request received to fetch transaction limits for accountId=2
2024-12-16 18:14:10 [HikariPool-1 housekeeper] WARN  com.zaxxer.hikari.pool.HikariPool - HikariPool-1 - Thread starvation or clock leap detected (housekeeper delta=50m41s355ms312µs).
2024-12-16 18:17:00 [restartedMain] INFO  com.tekarch.accountServiceMs.AccounrServiceMsApplication - Starting AccounrServiceMsApplication using Java 17.0.11 with PID 4620 (C:\Users\agmarc80\IdeaProjects\TekDevProjects\AccounrServiceMs\build\classes\java\main started by agmarc80 in C:\Users\agmarc80\IdeaProjects\TekDevProjects\AccounrServiceMs)
2024-12-16 18:17:00 [restartedMain] INFO  com.tekarch.accountServiceMs.AccounrServiceMsApplication - No active profile set, falling back to 1 default profile: "default"
2024-12-16 18:17:00 [restartedMain] INFO  org.springframework.boot.devtools.env.DevToolsPropertyDefaultsPostProcessor - Devtools property defaults active! Set 'spring.devtools.add-properties' to 'false' to disable
2024-12-16 18:17:00 [restartedMain] INFO  org.springframework.boot.devtools.env.DevToolsPropertyDefaultsPostProcessor - For additional web related logging consider setting the 'logging.level.web' property to 'DEBUG'
2024-12-16 18:17:02 [restartedMain] DEBUG org.springframework.cloud.openfeign.FeignClientsRegistrar$1 - Identified candidate component class: file [C:\Users\agmarc80\IdeaProjects\TekDevProjects\AccounrServiceMs\build\classes\java\main\com\tekarch\accountServiceMs\client\UserServiceClient.class]
2024-12-16 18:17:03 [restartedMain] INFO  org.springframework.data.repository.config.RepositoryConfigurationDelegate - Bootstrapping Spring Data JPA repositories in DEFAULT mode.
2024-12-16 18:17:03 [restartedMain] INFO  org.springframework.data.repository.config.RepositoryConfigurationDelegate - Finished Spring Data repository scanning in 189 ms. Found 1 JPA repository interface.
2024-12-16 18:17:04 [restartedMain] INFO  org.springframework.cloud.context.scope.GenericScope - BeanFactory id=2f22a13c-3e28-3cb2-b9c8-cfe9cedf4162
2024-12-16 18:17:05 [restartedMain] INFO  org.springframework.boot.web.embedded.tomcat.TomcatWebServer - Tomcat initialized with port 8082 (http)
2024-12-16 18:17:05 [restartedMain] INFO  org.apache.coyote.http11.Http11NioProtocol - Initializing ProtocolHandler ["http-nio-8082"]
2024-12-16 18:17:05 [restartedMain] INFO  org.apache.catalina.core.StandardService - Starting service [Tomcat]
2024-12-16 18:17:05 [restartedMain] INFO  org.apache.catalina.core.StandardEngine - Starting Servlet engine: [Apache Tomcat/10.1.33]
2024-12-16 18:17:06 [restartedMain] INFO  org.apache.catalina.core.ContainerBase.[Tomcat].[localhost].[/] - Initializing Spring embedded WebApplicationContext
2024-12-16 18:17:06 [restartedMain] INFO  org.springframework.boot.web.servlet.context.ServletWebServerApplicationContext - Root WebApplicationContext: initialization completed in 5159 ms
2024-12-16 18:17:06 [restartedMain] INFO  org.hibernate.jpa.internal.util.LogHelper - HHH000204: Processing PersistenceUnitInfo [name: default]
2024-12-16 18:17:07 [restartedMain] INFO  org.hibernate.Version - HHH000412: Hibernate ORM core version 6.6.2.Final
2024-12-16 18:17:07 [restartedMain] INFO  org.hibernate.cache.internal.RegionFactoryInitiator - HHH000026: Second-level cache disabled
2024-12-16 18:17:08 [restartedMain] INFO  org.springframework.orm.jpa.persistenceunit.SpringPersistenceUnitInfo - No LoadTimeWeaver setup: ignoring JPA class transformer
2024-12-16 18:17:08 [restartedMain] INFO  com.zaxxer.hikari.HikariDataSource - HikariPool-1 - Starting...
2024-12-16 18:17:08 [restartedMain] INFO  com.zaxxer.hikari.pool.HikariPool - HikariPool-1 - Added connection com.mysql.cj.jdbc.ConnectionImpl@2cfc12ca
2024-12-16 18:17:08 [restartedMain] INFO  com.zaxxer.hikari.HikariDataSource - HikariPool-1 - Start completed.
2024-12-16 18:17:09 [restartedMain] WARN  org.hibernate.orm.deprecation - HHH90000025: MySQLDialect does not need to be specified explicitly using 'hibernate.dialect' (remove the property setting and it will be selected by default)
2024-12-16 18:17:09 [restartedMain] INFO  org.hibernate.orm.connections.pooling - HHH10001005: Database info:
	Database JDBC URL [Connecting through datasource 'HikariDataSource (HikariPool-1)']
	Database driver: undefined/unknown
	Database version: 8.0.28
	Autocommit mode: undefined/unknown
	Isolation level: undefined/unknown
	Minimum pool size: undefined/unknown
	Maximum pool size: undefined/unknown
2024-12-16 18:17:12 [restartedMain] INFO  org.hibernate.engine.transaction.jta.platform.internal.JtaPlatformInitiator - HHH000489: No JTA platform available (set 'hibernate.transaction.jta.platform' to enable JTA platform integration)
2024-12-16 18:17:12 [restartedMain] INFO  org.springframework.orm.jpa.LocalContainerEntityManagerFactoryBean - Initialized JPA EntityManagerFactory for persistence unit 'default'
2024-12-16 18:17:13 [restartedMain] DEBUG org.springframework.cloud.openfeign.FeignClientFactoryBean - Creating a FeignClientFactoryBean.
2024-12-16 18:17:13 [restartedMain] WARN  org.springframework.boot.autoconfigure.orm.jpa.JpaBaseConfiguration$JpaWebConfiguration - spring.jpa.open-in-view is enabled by default. Therefore, database queries may be performed during view rendering. Explicitly configure spring.jpa.open-in-view to disable this warning
2024-12-16 18:17:13 [restartedMain] WARN  org.springframework.boot.devtools.autoconfigure.OptionalLiveReloadServer - Unable to start LiveReload server
2024-12-16 18:17:16 [restartedMain] INFO  org.springframework.cloud.commons.util.InetUtils - Cannot determine local hostname
2024-12-16 18:17:17 [restartedMain] INFO  org.apache.coyote.http11.Http11NioProtocol - Starting ProtocolHandler ["http-nio-8082"]
2024-12-16 18:17:17 [restartedMain] INFO  org.springframework.boot.web.embedded.tomcat.TomcatWebServer - Tomcat started on port 8082 (http) with context path '/'
2024-12-16 18:17:18 [restartedMain] INFO  org.springframework.cloud.commons.util.InetUtils - Cannot determine local hostname
2024-12-16 18:17:18 [restartedMain] INFO  com.tekarch.accountServiceMs.AccounrServiceMsApplication - Started AccounrServiceMsApplication in 21.642 seconds (process running for 24.421)
2024-12-16 18:17:35 [http-nio-8082-exec-2] INFO  org.apache.catalina.core.ContainerBase.[Tomcat].[localhost].[/] - Initializing Spring DispatcherServlet 'dispatcherServlet'
2024-12-16 18:17:35 [http-nio-8082-exec-2] INFO  org.springframework.web.servlet.DispatcherServlet - Initializing Servlet 'dispatcherServlet'
2024-12-16 18:17:35 [http-nio-8082-exec-2] INFO  org.springframework.web.servlet.DispatcherServlet - Completed initialization in 0 ms
2024-12-16 18:17:35 [http-nio-8082-exec-2] INFO  com.tekarch.accountServiceMs.controller.AccountController - Request received to fetch transaction limits for accountId=2
2024-12-16 18:43:35 [http-nio-8082-exec-5] INFO  com.tekarch.accountServiceMs.controller.AccountController - Request received to fetch transaction limits for accountId=2
2024-12-16 19:48:04 [HikariPool-1 housekeeper] WARN  com.zaxxer.hikari.pool.HikariPool - HikariPool-1 - Thread starvation or clock leap detected (housekeeper delta=45m54s422ms782µs700ns).
2024-12-16 19:50:52 [http-nio-8082-exec-8] INFO  com.tekarch.accountServiceMs.controller.AccountController - Request received to fetch transaction limits for accountId=2
2024-12-16 20:22:46 [HikariPool-1 housekeeper] WARN  com.zaxxer.hikari.pool.HikariPool - HikariPool-1 - Thread starvation or clock leap detected (housekeeper delta=13m42s449ms110µs900ns).
2024-12-16 20:27:25 [http-nio-8082-exec-10] INFO  com.tekarch.accountServiceMs.controller.AccountController - Request received to fetch all user accounts
2024-12-16 20:27:26 [http-nio-8082-exec-10] DEBUG org.hibernate.SQL - 
    /* <criteria> */ select
        a1_0.account_id,
        a1_0.account_number,
        a1_0.account_type,
        a1_0.balance,
        a1_0.created_at,
        a1_0.currency,
        a1_0.updated_at,
        a1_0.user_id 
    from
        accounts a1_0
2024-12-16 20:28:37 [http-nio-8082-exec-4] INFO  com.tekarch.accountServiceMs.controller.AccountController - Request received to update account with userId=2 and accountId=2: com.tekarch.accountServiceMs.model.Account@10da1a0c
2024-12-16 20:28:37 [http-nio-8082-exec-4] DEBUG org.hibernate.SQL - 
    /* <criteria> */ select
        a1_0.account_id,
        a1_0.account_number,
        a1_0.account_type,
        a1_0.balance,
        a1_0.created_at,
        a1_0.currency,
        a1_0.updated_at,
        a1_0.user_id 
    from
        accounts a1_0 
    where
        a1_0.account_id=?
2024-12-16 20:29:48 [http-nio-8082-exec-6] INFO  com.tekarch.accountServiceMs.controller.AccountController - Request received to fetch accounts for userId=1
2024-12-16 20:29:48 [http-nio-8082-exec-6] DEBUG org.hibernate.SQL - 
    /* <criteria> */ select
        a1_0.account_id,
        a1_0.account_number,
        a1_0.account_type,
        a1_0.balance,
        a1_0.created_at,
        a1_0.currency,
        a1_0.updated_at,
        a1_0.user_id 
    from
        accounts a1_0 
    where
        a1_0.user_id=?
2024-12-16 20:30:18 [http-nio-8082-exec-8] INFO  com.tekarch.accountServiceMs.controller.AccountController - Request received to fetch all user accounts
2024-12-16 20:30:18 [http-nio-8082-exec-8] DEBUG org.hibernate.SQL - 
    /* <criteria> */ select
        a1_0.account_id,
        a1_0.account_number,
        a1_0.account_type,
        a1_0.balance,
        a1_0.created_at,
        a1_0.currency,
        a1_0.updated_at,
        a1_0.user_id 
    from
        accounts a1_0
2024-12-16 20:31:13 [http-nio-8082-exec-9] INFO  com.tekarch.accountServiceMs.controller.AccountController - Request received to update account with userId=2 and accountId=2: com.tekarch.accountServiceMs.model.Account@48c1c74b
2024-12-16 20:31:13 [http-nio-8082-exec-9] DEBUG org.hibernate.SQL - 
    /* <criteria> */ select
        a1_0.account_id,
        a1_0.account_number,
        a1_0.account_type,
        a1_0.balance,
        a1_0.created_at,
        a1_0.currency,
        a1_0.updated_at,
        a1_0.user_id 
    from
        accounts a1_0 
    where
        a1_0.account_id=?
2024-12-16 20:31:23 [http-nio-8082-exec-1] INFO  com.tekarch.accountServiceMs.controller.AccountController - Request received to fetch accounts for userId=1
2024-12-16 20:31:23 [http-nio-8082-exec-1] DEBUG org.hibernate.SQL - 
    /* <criteria> */ select
        a1_0.account_id,
        a1_0.account_number,
        a1_0.account_type,
        a1_0.balance,
        a1_0.created_at,
        a1_0.currency,
        a1_0.updated_at,
        a1_0.user_id 
    from
        accounts a1_0 
    where
        a1_0.user_id=?
